This file contains any messages produced by compilers while
running configure, to aid debugging if configure makes a mistake.

It was created by xfwm4 configure 4.16.1git.95e58ac80, which was
generated by GNU Autoconf 2.71.  Invocation command line was

  $ ./configure --enable-maintainer-mode --prefix=/usr --libdir=/usr/lib/x86_64-linux-gnu --libexecdir=/usr/lib/x86_64-linux-gnu

## --------- ##
## Platform. ##
## --------- ##

hostname = mint
uname -m = x86_64
uname -r = 5.15.0-47-generic
uname -s = Linux
uname -v = #51-Ubuntu SMP Thu Aug 11 07:51:15 UTC 2022

/usr/bin/uname -p = x86_64
/bin/uname -X     = unknown

/bin/arch              = x86_64
/usr/bin/arch -k       = unknown
/usr/convex/getsysinfo = unknown
/usr/bin/hostinfo      = unknown
/bin/machine           = unknown
/usr/bin/oslevel       = unknown
/bin/universe          = unknown

PATH: /usr/local/sbin/
PATH: /usr/local/bin/
PATH: /usr/sbin/
PATH: /usr/bin/
PATH: /sbin/
PATH: /bin/
PATH: /usr/games/
PATH: /usr/local/games/
PATH: /snap/bin/


## ----------- ##
## Core tests. ##
## ----------- ##

configure:2614: looking for aux files: config.guess config.sub ltmain.sh compile missing install-sh
configure:2627:  trying ./
configure:2656:   ./config.guess found
configure:2656:   ./config.sub found
configure:2656:   ./ltmain.sh found
configure:2656:   ./compile found
configure:2656:   ./missing found
configure:2638:   ./install-sh found
configure:2785: checking for a BSD-compatible install
configure:2858: result: /usr/bin/install -c
configure:2869: checking whether build environment is sane
configure:2924: result: yes
configure:3083: checking for a race-free mkdir -p
configure:3127: result: /usr/bin/mkdir -p
configure:3134: checking for gawk
configure:3155: found /usr/bin/gawk
configure:3166: result: gawk
configure:3177: checking whether gmake sets $(MAKE)
configure:3200: result: yes
configure:3230: checking whether gmake supports nested variables
configure:3248: result: yes
configure:3333: checking whether UID '1000' is supported by ustar format
configure:3336: result: yes
configure:3343: checking whether GID '1000' is supported by ustar format
configure:3346: result: yes
configure:3354: checking how to create a ustar tar archive
configure:3365: tar --version
tar (GNU tar) 1.34
Copyright (C) 2021 Free Software Foundation, Inc.
License GPLv3+: GNU GPL version 3 or later <https://gnu.org/licenses/gpl.html>.
This is free software: you are free to change and redistribute it.
There is NO WARRANTY, to the extent permitted by law.

Written by John Gilmore and Jay Fenlason.
configure:3368: $? = 0
configure:3408: tardir=conftest.dir && eval tar --format=ustar -chf - "$tardir" >conftest.tar
configure:3411: $? = 0
configure:3415: tar -xf - <conftest.tar
configure:3418: $? = 0
configure:3420: cat conftest.dir/file
GrepMe
configure:3423: $? = 0
configure:3437: result: gnutar
configure:3507: checking whether to enable maintainer-specific portions of Makefiles
configure:3517: result: yes
configure:3542: checking whether gmake supports nested variables
configure:3560: result: yes
configure:3596: checking whether gmake supports the include directive
configure:3611: gmake -f confmf.GNU && cat confinc.out
this is the am__doit target
configure:3614: $? = 0
configure:3633: result: yes (GNU style)
configure:3709: checking for gcc
configure:3730: found /usr/bin/gcc
configure:3741: result: gcc
configure:4094: checking for C compiler version
configure:4103: gcc --version >&5
gcc (Ubuntu 11.2.0-19ubuntu1) 11.2.0
Copyright (C) 2021 Free Software Foundation, Inc.
This is free software; see the source for copying conditions.  There is NO
warranty; not even for MERCHANTABILITY or FITNESS FOR A PARTICULAR PURPOSE.

configure:4114: $? = 0
configure:4103: gcc -v >&5
Using built-in specs.
COLLECT_GCC=gcc
COLLECT_LTO_WRAPPER=/usr/lib/gcc/x86_64-linux-gnu/11/lto-wrapper
OFFLOAD_TARGET_NAMES=nvptx-none:amdgcn-amdhsa
OFFLOAD_TARGET_DEFAULT=1
Target: x86_64-linux-gnu
Configured with: ../src/configure -v --with-pkgversion='Ubuntu 11.2.0-19ubuntu1' --with-bugurl=file:///usr/share/doc/gcc-11/README.Bugs --enable-languages=c,ada,c++,go,brig,d,fortran,objc,obj-c++,m2 --prefix=/usr --with-gcc-major-version-only --program-suffix=-11 --program-prefix=x86_64-linux-gnu- --enable-shared --enable-linker-build-id --libexecdir=/usr/lib --without-included-gettext --enable-threads=posix --libdir=/usr/lib --enable-nls --enable-bootstrap --enable-clocale=gnu --enable-libstdcxx-debug --enable-libstdcxx-time=yes --with-default-libstdcxx-abi=new --enable-gnu-unique-object --disable-vtable-verify --enable-plugin --enable-default-pie --with-system-zlib --enable-libphobos-checking=release --with-target-system-zlib=auto --enable-objc-gc=auto --enable-multiarch --disable-werror --enable-cet --with-arch-32=i686 --with-abi=m64 --with-multilib-list=m32,m64,mx32 --enable-multilib --with-tune=generic --enable-offload-targets=nvptx-none=/build/gcc-11-gBFGDP/gcc-11-11.2.0/debian/tmp-nvptx/usr,amdgcn-amdhsa=/build/gcc-11-gBFGDP/gcc-11-11.2.0/debian/tmp-gcn/usr --without-cuda-driver --enable-checking=release --build=x86_64-linux-gnu --host=x86_64-linux-gnu --target=x86_64-linux-gnu --with-build-config=bootstrap-lto-lean --enable-link-serialization=2
Thread model: posix
Supported LTO compression algorithms: zlib zstd
gcc version 11.2.0 (Ubuntu 11.2.0-19ubuntu1) 
... rest of stderr output deleted ...
configure:4114: $? = 0
configure:4103: gcc -V >&5
gcc: error: unrecognized command-line option '-V'
gcc: fatal error: no input files
compilation terminated.
configure:4114: $? = 1
configure:4103: gcc -qversion >&5
gcc: error: unrecognized command-line option '-qversion'; did you mean '--version'?
gcc: fatal error: no input files
compilation terminated.
configure:4114: $? = 1
configure:4103: gcc -version >&5
gcc: error: unrecognized command-line option '-version'
gcc: fatal error: no input files
compilation terminated.
configure:4114: $? = 1
configure:4134: checking whether the C compiler works
configure:4156: gcc    conftest.c  >&5
configure:4160: $? = 0
configure:4210: result: yes
configure:4213: checking for C compiler default output file name
configure:4215: result: a.out
configure:4221: checking for suffix of executables
configure:4228: gcc -o conftest    conftest.c  >&5
configure:4232: $? = 0
configure:4255: result: 
configure:4277: checking whether we are cross compiling
configure:4285: gcc -o conftest    conftest.c  >&5
configure:4289: $? = 0
configure:4296: ./conftest
configure:4300: $? = 0
configure:4315: result: no
configure:4320: checking for suffix of object files
configure:4343: gcc -c   conftest.c >&5
configure:4347: $? = 0
configure:4369: result: o
configure:4373: checking whether the compiler supports GNU C
configure:4393: gcc -c   conftest.c >&5
configure:4393: $? = 0
configure:4403: result: yes
configure:4414: checking whether gcc accepts -g
configure:4435: gcc -c -g  conftest.c >&5
configure:4435: $? = 0
configure:4479: result: yes
configure:4499: checking for gcc option to enable C11 features
configure:4514: gcc  -c -g -O2  conftest.c >&5
configure:4514: $? = 0
configure:4532: result: none needed
configure:4648: checking whether gcc understands -c and -o together
configure:4671: gcc -c conftest.c -o conftest2.o
configure:4674: $? = 0
configure:4671: gcc -c conftest.c -o conftest2.o
configure:4674: $? = 0
configure:4686: result: yes
configure:4705: checking dependency style of gcc
configure:4817: result: gcc3
configure:4837: checking for stdio.h
configure:4837: gcc -c -g -O2  conftest.c >&5
configure:4837: $? = 0
configure:4837: result: yes
configure:4837: checking for stdlib.h
configure:4837: gcc -c -g -O2  conftest.c >&5
configure:4837: $? = 0
configure:4837: result: yes
configure:4837: checking for string.h
configure:4837: gcc -c -g -O2  conftest.c >&5
configure:4837: $? = 0
configure:4837: result: yes
configure:4837: checking for inttypes.h
configure:4837: gcc -c -g -O2  conftest.c >&5
configure:4837: $? = 0
configure:4837: result: yes
configure:4837: checking for stdint.h
configure:4837: gcc -c -g -O2  conftest.c >&5
configure:4837: $? = 0
configure:4837: result: yes
configure:4837: checking for strings.h
configure:4837: gcc -c -g -O2  conftest.c >&5
configure:4837: $? = 0
configure:4837: result: yes
configure:4837: checking for sys/stat.h
configure:4837: gcc -c -g -O2  conftest.c >&5
configure:4837: $? = 0
configure:4837: result: yes
configure:4837: checking for sys/types.h
configure:4837: gcc -c -g -O2  conftest.c >&5
configure:4837: $? = 0
configure:4837: result: yes
configure:4837: checking for unistd.h
configure:4837: gcc -c -g -O2  conftest.c >&5
configure:4837: $? = 0
configure:4837: result: yes
configure:4837: checking for wchar.h
configure:4837: gcc -c -g -O2  conftest.c >&5
configure:4837: $? = 0
configure:4837: result: yes
configure:4837: checking for minix/config.h
configure:4837: gcc -c -g -O2  conftest.c >&5
conftest.c:49:10: fatal error: minix/config.h: No such file or directory
   49 | #include <minix/config.h>
      |          ^~~~~~~~~~~~~~~~
compilation terminated.
configure:4837: $? = 1
configure: failed program was:
| /* confdefs.h */
| #define PACKAGE_NAME "xfwm4"
| #define PACKAGE_TARNAME "xfwm4"
| #define PACKAGE_VERSION "4.16.1git.95e58ac80"
| #define PACKAGE_STRING "xfwm4 4.16.1git.95e58ac80"
| #define PACKAGE_BUGREPORT "xfce4-dev@xfce.org"
| #define PACKAGE_URL ""
| #define PACKAGE "xfwm4"
| #define VERSION "4.16.1git.95e58ac80"
| #define HAVE_STDIO_H 1
| #define HAVE_STDLIB_H 1
| #define HAVE_STRING_H 1
| #define HAVE_INTTYPES_H 1
| #define HAVE_STDINT_H 1
| #define HAVE_STRINGS_H 1
| #define HAVE_SYS_STAT_H 1
| #define HAVE_SYS_TYPES_H 1
| #define HAVE_UNISTD_H 1
| #define HAVE_WCHAR_H 1
| /* end confdefs.h.  */
| #include <stddef.h>
| #ifdef HAVE_STDIO_H
| # include <stdio.h>
| #endif
| #ifdef HAVE_STDLIB_H
| # include <stdlib.h>
| #endif
| #ifdef HAVE_STRING_H
| # include <string.h>
| #endif
| #ifdef HAVE_INTTYPES_H
| # include <inttypes.h>
| #endif
| #ifdef HAVE_STDINT_H
| # include <stdint.h>
| #endif
| #ifdef HAVE_STRINGS_H
| # include <strings.h>
| #endif
| #ifdef HAVE_SYS_TYPES_H
| # include <sys/types.h>
| #endif
| #ifdef HAVE_SYS_STAT_H
| # include <sys/stat.h>
| #endif
| #ifdef HAVE_UNISTD_H
| # include <unistd.h>
| #endif
| #include <minix/config.h>
configure:4837: result: no
configure:4868: checking whether it is safe to define __EXTENSIONS__
configure:4887: gcc -c -g -O2  conftest.c >&5
configure:4887: $? = 0
configure:4895: result: yes
configure:4898: checking whether _XOPEN_SOURCE should be defined
configure:4920: gcc -c -g -O2  conftest.c >&5
configure:4920: $? = 0
configure:4947: result: no
configure:5065: checking for gcc
configure:5097: result: gcc
configure:5450: checking for C compiler version
configure:5459: gcc --version >&5
gcc (Ubuntu 11.2.0-19ubuntu1) 11.2.0
Copyright (C) 2021 Free Software Foundation, Inc.
This is free software; see the source for copying conditions.  There is NO
warranty; not even for MERCHANTABILITY or FITNESS FOR A PARTICULAR PURPOSE.

configure:5470: $? = 0
configure:5459: gcc -v >&5
Using built-in specs.
COLLECT_GCC=gcc
COLLECT_LTO_WRAPPER=/usr/lib/gcc/x86_64-linux-gnu/11/lto-wrapper
OFFLOAD_TARGET_NAMES=nvptx-none:amdgcn-amdhsa
OFFLOAD_TARGET_DEFAULT=1
Target: x86_64-linux-gnu
Configured with: ../src/configure -v --with-pkgversion='Ubuntu 11.2.0-19ubuntu1' --with-bugurl=file:///usr/share/doc/gcc-11/README.Bugs --enable-languages=c,ada,c++,go,brig,d,fortran,objc,obj-c++,m2 --prefix=/usr --with-gcc-major-version-only --program-suffix=-11 --program-prefix=x86_64-linux-gnu- --enable-shared --enable-linker-build-id --libexecdir=/usr/lib --without-included-gettext --enable-threads=posix --libdir=/usr/lib --enable-nls --enable-bootstrap --enable-clocale=gnu --enable-libstdcxx-debug --enable-libstdcxx-time=yes --with-default-libstdcxx-abi=new --enable-gnu-unique-object --disable-vtable-verify --enable-plugin --enable-default-pie --with-system-zlib --enable-libphobos-checking=release --with-target-system-zlib=auto --enable-objc-gc=auto --enable-multiarch --disable-werror --enable-cet --with-arch-32=i686 --with-abi=m64 --with-multilib-list=m32,m64,mx32 --enable-multilib --with-tune=generic --enable-offload-targets=nvptx-none=/build/gcc-11-gBFGDP/gcc-11-11.2.0/debian/tmp-nvptx/usr,amdgcn-amdhsa=/build/gcc-11-gBFGDP/gcc-11-11.2.0/debian/tmp-gcn/usr --without-cuda-driver --enable-checking=release --build=x86_64-linux-gnu --host=x86_64-linux-gnu --target=x86_64-linux-gnu --with-build-config=bootstrap-lto-lean --enable-link-serialization=2
Thread model: posix
Supported LTO compression algorithms: zlib zstd
gcc version 11.2.0 (Ubuntu 11.2.0-19ubuntu1) 
... rest of stderr output deleted ...
configure:5470: $? = 0
configure:5459: gcc -V >&5
gcc: error: unrecognized command-line option '-V'
gcc: fatal error: no input files
compilation terminated.
configure:5470: $? = 1
configure:5459: gcc -qversion >&5
gcc: error: unrecognized command-line option '-qversion'; did you mean '--version'?
gcc: fatal error: no input files
compilation terminated.
configure:5470: $? = 1
configure:5459: gcc -version >&5
gcc: error: unrecognized command-line option '-version'
gcc: fatal error: no input files
compilation terminated.
configure:5470: $? = 1
configure:5474: checking whether the compiler supports GNU C
configure:5504: result: yes
configure:5515: checking whether gcc accepts -g
configure:5580: result: yes
configure:5600: checking for gcc option to enable C11 features
configure:5633: result: none needed
configure:5749: checking whether gcc understands -c and -o together
configure:5787: result: yes
configure:5806: checking dependency style of gcc
configure:5918: result: gcc3
configure:5936: checking whether NLS is requested
configure:5946: result: yes
configure:5964: checking for intltool >= 0.35
configure:5966: result: 0.51.0 found
configure:5974: checking for intltool-update
configure:5997: found /usr/bin/intltool-update
configure:6009: result: /usr/bin/intltool-update
configure:6019: checking for intltool-merge
configure:6042: found /usr/bin/intltool-merge
configure:6054: result: /usr/bin/intltool-merge
configure:6064: checking for intltool-extract
configure:6087: found /usr/bin/intltool-extract
configure:6099: result: /usr/bin/intltool-extract
configure:6253: checking for xgettext
configure:6276: found /usr/bin/xgettext
configure:6288: result: /usr/bin/xgettext
configure:6298: checking for msgmerge
configure:6321: found /usr/bin/msgmerge
configure:6333: result: /usr/bin/msgmerge
configure:6343: checking for msgfmt
configure:6366: found /usr/bin/msgfmt
configure:6378: result: /usr/bin/msgfmt
configure:6388: checking for gmsgfmt
configure:6424: result: /usr/bin/msgfmt
configure:6444: checking for perl
configure:6467: found /usr/bin/perl
configure:6479: result: /usr/bin/perl
configure:6490: checking for perl >= 5.8.1
configure:6497: result: 5.34.0
configure:6551: checking build system type
configure:6566: result: x86_64-pc-linux-gnu
configure:6586: checking host system type
configure:6600: result: x86_64-pc-linux-gnu
configure:6641: checking how to print strings
configure:6668: result: printf
configure:6689: checking for a sed that does not truncate output
configure:6759: result: /usr/bin/sed
configure:6777: checking for grep that handles long lines and -e
configure:6841: result: /usr/bin/grep
configure:6846: checking for egrep
configure:6914: result: /usr/bin/grep -E
configure:6919: checking for fgrep
configure:6987: result: /usr/bin/grep -F
configure:7023: checking for ld used by gcc
configure:7091: result: /usr/bin/ld
configure:7098: checking if the linker (/usr/bin/ld) is GNU ld
configure:7114: result: yes
configure:7126: checking for BSD- or MS-compatible name lister (nm)
configure:7181: result: /usr/bin/nm -B
configure:7321: checking the name lister (/usr/bin/nm -B) interface
configure:7329: gcc -c -g -O2  conftest.c >&5
configure:7332: /usr/bin/nm -B "conftest.o"
configure:7335: output
0000000000000000 B some_variable
configure:7342: result: BSD nm
configure:7345: checking whether ln -s works
configure:7349: result: yes
configure:7357: checking the maximum length of command line arguments
configure:7489: result: 1572864
configure:7537: checking how to convert x86_64-pc-linux-gnu file names to x86_64-pc-linux-gnu format
configure:7578: result: func_convert_file_noop
configure:7585: checking how to convert x86_64-pc-linux-gnu file names to toolchain format
configure:7606: result: func_convert_file_noop
configure:7613: checking for /usr/bin/ld option to reload object files
configure:7621: result: -r
configure:7700: checking for objdump
configure:7721: found /usr/bin/objdump
configure:7732: result: objdump
configure:7764: checking how to recognize dependent libraries
configure:7965: result: pass_all
configure:8055: checking for dlltool
configure:8090: result: no
configure:8120: checking how to associate runtime and link libraries
configure:8148: result: printf %s\n
configure:8213: checking for ar
configure:8234: found /usr/bin/ar
configure:8245: result: ar
configure:8282: checking for archiver @FILE support
configure:8300: gcc -c -g -O2  conftest.c >&5
configure:8300: $? = 0
configure:8304: ar cr libconftest.a @conftest.lst >&5
configure:8307: $? = 0
configure:8312: ar cr libconftest.a @conftest.lst >&5
ar: conftest.o: No such file or directory
configure:8315: $? = 1
configure:8327: result: @
configure:8390: checking for strip
configure:8411: found /usr/bin/strip
configure:8422: result: strip
configure:8499: checking for ranlib
configure:8520: found /usr/bin/ranlib
configure:8531: result: ranlib
configure:8633: checking command to parse /usr/bin/nm -B output from gcc object
configure:8787: gcc -c -g -O2  conftest.c >&5
configure:8790: $? = 0
configure:8794: /usr/bin/nm -B conftest.o | sed -n -e 's/^.*[	 ]\([ABCDGIRSTW][ABCDGIRSTW]*\)[	 ][	 ]*\([_A-Za-z][_A-Za-z0-9]*\)$/\1 \2 \2/p' | sed '/ __gnu_lto/d' > conftest.nm
configure:8860: gcc -o conftest -g -O2   conftest.c conftstm.o >&5
configure:8863: $? = 0
configure:8901: result: ok
configure:8948: checking for sysroot
configure:8979: result: no
configure:8986: checking for a working dd
configure:9030: result: /usr/bin/dd
configure:9034: checking how to truncate binary pipes
configure:9050: result: /usr/bin/dd bs=4096 count=1
configure:9187: gcc -c -g -O2  conftest.c >&5
configure:9190: $? = 0
configure:9387: checking for mt
configure:9408: found /usr/bin/mt
configure:9419: result: mt
configure:9442: checking if mt is a manifest tool
configure:9449: mt '-?'
configure:9457: result: no
configure:10183: checking for dlfcn.h
configure:10183: gcc -c -g -O2  conftest.c >&5
configure:10183: $? = 0
configure:10183: result: yes
configure:10441: checking for objdir
configure:10457: result: .libs
configure:10717: checking if gcc supports -fno-rtti -fno-exceptions
configure:10736: gcc -c -g -O2  -fno-rtti -fno-exceptions conftest.c >&5
cc1: warning: command-line option '-fno-rtti' is valid for C++/D/ObjC++ but not for C
configure:10740: $? = 0
configure:10753: result: no
configure:11117: checking for gcc option to produce PIC
configure:11125: result: -fPIC -DPIC
configure:11133: checking if gcc PIC flag -fPIC -DPIC works
configure:11152: gcc -c -g -O2  -fPIC -DPIC -DPIC conftest.c >&5
configure:11156: $? = 0
configure:11169: result: yes
configure:11198: checking if gcc static flag -static works
configure:11227: result: yes
configure:11242: checking if gcc supports -c -o file.o
configure:11264: gcc -c -g -O2  -o out/conftest2.o conftest.c >&5
configure:11268: $? = 0
configure:11290: result: yes
configure:11298: checking if gcc supports -c -o file.o
configure:11346: result: yes
configure:11379: checking whether the gcc linker (/usr/bin/ld -m elf_x86_64) supports shared libraries
configure:12649: result: yes
configure:12686: checking whether -lc should be explicitly linked in
configure:12695: gcc -c -g -O2  conftest.c >&5
configure:12698: $? = 0
configure:12713: gcc -shared  -fPIC -DPIC conftest.o  -v -Wl,-soname -Wl,conftest -o conftest 2\>\&1 \| /usr/bin/grep  -lc  \>/dev/null 2\>\&1
configure:12716: $? = 0
configure:12730: result: no
configure:12890: checking dynamic linker characteristics
configure:13472: gcc -o conftest -g -O2   -Wl,-rpath -Wl,/foo conftest.c  >&5
configure:13472: $? = 0
configure:13723: result: GNU/Linux ld.so
configure:13845: checking how to hardcode library paths into programs
configure:13870: result: immediate
configure:14422: checking whether stripping libraries is possible
configure:14427: result: yes
configure:14462: checking if libtool supports shared libraries
configure:14464: result: yes
configure:14467: checking whether to build shared libraries
configure:14492: result: yes
configure:14495: checking whether to build static libraries
configure:14499: result: no
configure:14537: checking for inline
configure:14554: gcc -c -g -O2  conftest.c >&5
configure:14554: $? = 0
configure:14563: result: inline
configure:14585: checking for egrep
configure:14653: result: /usr/bin/grep -E
configure:14659: checking for stropts.h
configure:14659: gcc -c -g -O2  conftest.c >&5
conftest.c:68:10: fatal error: stropts.h: No such file or directory
   68 | #include <stropts.h>
      |          ^~~~~~~~~~~
compilation terminated.
configure:14659: $? = 1
configure: failed program was:
| /* confdefs.h */
| #define PACKAGE_NAME "xfwm4"
| #define PACKAGE_TARNAME "xfwm4"
| #define PACKAGE_VERSION "4.16.1git.95e58ac80"
| #define PACKAGE_STRING "xfwm4 4.16.1git.95e58ac80"
| #define PACKAGE_BUGREPORT "xfce4-dev@xfce.org"
| #define PACKAGE_URL ""
| #define PACKAGE "xfwm4"
| #define VERSION "4.16.1git.95e58ac80"
| #define HAVE_STDIO_H 1
| #define HAVE_STDLIB_H 1
| #define HAVE_STRING_H 1
| #define HAVE_INTTYPES_H 1
| #define HAVE_STDINT_H 1
| #define HAVE_STRINGS_H 1
| #define HAVE_SYS_STAT_H 1
| #define HAVE_SYS_TYPES_H 1
| #define HAVE_UNISTD_H 1
| #define HAVE_WCHAR_H 1
| #define STDC_HEADERS 1
| #define _ALL_SOURCE 1
| #define _DARWIN_C_SOURCE 1
| #define _GNU_SOURCE 1
| #define _HPUX_ALT_XOPEN_SOCKET_API 1
| #define _NETBSD_SOURCE 1
| #define _OPENBSD_SOURCE 1
| #define _POSIX_PTHREAD_SEMANTICS 1
| #define __STDC_WANT_IEC_60559_ATTRIBS_EXT__ 1
| #define __STDC_WANT_IEC_60559_BFP_EXT__ 1
| #define __STDC_WANT_IEC_60559_DFP_EXT__ 1
| #define __STDC_WANT_IEC_60559_FUNCS_EXT__ 1
| #define __STDC_WANT_IEC_60559_TYPES_EXT__ 1
| #define __STDC_WANT_LIB_EXT2__ 1
| #define __STDC_WANT_MATH_SPEC_FUNCS__ 1
| #define _TANDEM_SOURCE 1
| #define __EXTENSIONS__ 1
| #define HAVE_DLFCN_H 1
| #define LT_OBJDIR ".libs/"
| /* end confdefs.h.  */
| #include <stddef.h>
| #ifdef HAVE_STDIO_H
| # include <stdio.h>
| #endif
| #ifdef HAVE_STDLIB_H
| # include <stdlib.h>
| #endif
| #ifdef HAVE_STRING_H
| # include <string.h>
| #endif
| #ifdef HAVE_INTTYPES_H
| # include <inttypes.h>
| #endif
| #ifdef HAVE_STDINT_H
| # include <stdint.h>
| #endif
| #ifdef HAVE_STRINGS_H
| # include <strings.h>
| #endif
| #ifdef HAVE_SYS_TYPES_H
| # include <sys/types.h>
| #endif
| #ifdef HAVE_SYS_STAT_H
| # include <sys/stat.h>
| #endif
| #ifdef HAVE_UNISTD_H
| # include <unistd.h>
| #endif
| #include <stropts.h>
configure:14659: result: no
configure:14666: checking for daemon
configure:14666: gcc -o conftest -g -O2   conftest.c  >&5
configure:14666: $? = 0
configure:14666: result: yes
configure:14672: checking for setsid
configure:14672: gcc -o conftest -g -O2   conftest.c  >&5
configure:14672: $? = 0
configure:14672: result: yes
configure:14679: checking for opendir
configure:14679: gcc -o conftest -g -O2   conftest.c  >&5
configure:14679: $? = 0
configure:14679: result: yes
configure:14688: checking for ceil in -lm
configure:14711: gcc -o conftest -g -O2   conftest.c -lm   >&5
conftest.c:47:6: warning: conflicting types for built-in function 'ceil'; expected 'double(double)' [-Wbuiltin-declaration-mismatch]
   47 | char ceil ();
      |      ^~~~
conftest.c:1:1: note: 'ceil' is declared in header '<math.h>'
    1 | /* confdefs.h */
configure:14711: $? = 0
configure:14721: result: yes
configure:14739: checking for locale.h
configure:14739: gcc -c -g -O2  conftest.c >&5
configure:14739: $? = 0
configure:14739: result: yes
configure:14747: checking for LC_MESSAGES
configure:14764: gcc -o conftest -g -O2   conftest.c  >&5
configure:14764: $? = 0
configure:14773: result: yes
configure:14791: checking for CFPreferencesCopyAppValue
configure:14810: gcc -o conftest -g -O2   conftest.c  -Wl,-framework -Wl,CoreFoundation >&5
conftest.c:46:10: fatal error: CoreFoundation/CFPreferences.h: No such file or directory
   46 | #include <CoreFoundation/CFPreferences.h>
      |          ^~~~~~~~~~~~~~~~~~~~~~~~~~~~~~~~
compilation terminated.
configure:14810: $? = 1
configure: failed program was:
| /* confdefs.h */
| #define PACKAGE_NAME "xfwm4"
| #define PACKAGE_TARNAME "xfwm4"
| #define PACKAGE_VERSION "4.16.1git.95e58ac80"
| #define PACKAGE_STRING "xfwm4 4.16.1git.95e58ac80"
| #define PACKAGE_BUGREPORT "xfce4-dev@xfce.org"
| #define PACKAGE_URL ""
| #define PACKAGE "xfwm4"
| #define VERSION "4.16.1git.95e58ac80"
| #define HAVE_STDIO_H 1
| #define HAVE_STDLIB_H 1
| #define HAVE_STRING_H 1
| #define HAVE_INTTYPES_H 1
| #define HAVE_STDINT_H 1
| #define HAVE_STRINGS_H 1
| #define HAVE_SYS_STAT_H 1
| #define HAVE_SYS_TYPES_H 1
| #define HAVE_UNISTD_H 1
| #define HAVE_WCHAR_H 1
| #define STDC_HEADERS 1
| #define _ALL_SOURCE 1
| #define _DARWIN_C_SOURCE 1
| #define _GNU_SOURCE 1
| #define _HPUX_ALT_XOPEN_SOCKET_API 1
| #define _NETBSD_SOURCE 1
| #define _OPENBSD_SOURCE 1
| #define _POSIX_PTHREAD_SEMANTICS 1
| #define __STDC_WANT_IEC_60559_ATTRIBS_EXT__ 1
| #define __STDC_WANT_IEC_60559_BFP_EXT__ 1
| #define __STDC_WANT_IEC_60559_DFP_EXT__ 1
| #define __STDC_WANT_IEC_60559_FUNCS_EXT__ 1
| #define __STDC_WANT_IEC_60559_TYPES_EXT__ 1
| #define __STDC_WANT_LIB_EXT2__ 1
| #define __STDC_WANT_MATH_SPEC_FUNCS__ 1
| #define _TANDEM_SOURCE 1
| #define __EXTENSIONS__ 1
| #define HAVE_DLFCN_H 1
| #define LT_OBJDIR ".libs/"
| #define HAVE_DAEMON 1
| #define HAVE_SETSID 1
| #define HAVE_OPENDIR 1
| #define GETTEXT_PACKAGE "xfwm4"
| #define HAVE_LOCALE_H 1
| #define HAVE_LC_MESSAGES 1
| /* end confdefs.h.  */
| #include <CoreFoundation/CFPreferences.h>
| int
| main (void)
| {
| CFPreferencesCopyAppValue(NULL, NULL)
|   ;
|   return 0;
| }
configure:14820: result: no
configure:14827: checking for CFLocaleCopyCurrent
configure:14846: gcc -o conftest -g -O2   conftest.c  -Wl,-framework -Wl,CoreFoundation >&5
conftest.c:46:10: fatal error: CoreFoundation/CFLocale.h: No such file or directory
   46 | #include <CoreFoundation/CFLocale.h>
      |          ^~~~~~~~~~~~~~~~~~~~~~~~~~~
compilation terminated.
configure:14846: $? = 1
configure: failed program was:
| /* confdefs.h */
| #define PACKAGE_NAME "xfwm4"
| #define PACKAGE_TARNAME "xfwm4"
| #define PACKAGE_VERSION "4.16.1git.95e58ac80"
| #define PACKAGE_STRING "xfwm4 4.16.1git.95e58ac80"
| #define PACKAGE_BUGREPORT "xfce4-dev@xfce.org"
| #define PACKAGE_URL ""
| #define PACKAGE "xfwm4"
| #define VERSION "4.16.1git.95e58ac80"
| #define HAVE_STDIO_H 1
| #define HAVE_STDLIB_H 1
| #define HAVE_STRING_H 1
| #define HAVE_INTTYPES_H 1
| #define HAVE_STDINT_H 1
| #define HAVE_STRINGS_H 1
| #define HAVE_SYS_STAT_H 1
| #define HAVE_SYS_TYPES_H 1
| #define HAVE_UNISTD_H 1
| #define HAVE_WCHAR_H 1
| #define STDC_HEADERS 1
| #define _ALL_SOURCE 1
| #define _DARWIN_C_SOURCE 1
| #define _GNU_SOURCE 1
| #define _HPUX_ALT_XOPEN_SOCKET_API 1
| #define _NETBSD_SOURCE 1
| #define _OPENBSD_SOURCE 1
| #define _POSIX_PTHREAD_SEMANTICS 1
| #define __STDC_WANT_IEC_60559_ATTRIBS_EXT__ 1
| #define __STDC_WANT_IEC_60559_BFP_EXT__ 1
| #define __STDC_WANT_IEC_60559_DFP_EXT__ 1
| #define __STDC_WANT_IEC_60559_FUNCS_EXT__ 1
| #define __STDC_WANT_IEC_60559_TYPES_EXT__ 1
| #define __STDC_WANT_LIB_EXT2__ 1
| #define __STDC_WANT_MATH_SPEC_FUNCS__ 1
| #define _TANDEM_SOURCE 1
| #define __EXTENSIONS__ 1
| #define HAVE_DLFCN_H 1
| #define LT_OBJDIR ".libs/"
| #define HAVE_DAEMON 1
| #define HAVE_SETSID 1
| #define HAVE_OPENDIR 1
| #define GETTEXT_PACKAGE "xfwm4"
| #define HAVE_LOCALE_H 1
| #define HAVE_LC_MESSAGES 1
| /* end confdefs.h.  */
| #include <CoreFoundation/CFLocale.h>
| int
| main (void)
| {
| CFLocaleCopyCurrent();
|   ;
|   return 0;
| }
configure:14856: result: no
configure:14870: checking for libintl.h
configure:14870: gcc -c -g -O2  conftest.c >&5
configure:14870: $? = 0
configure:14870: result: yes
configure:14879: checking for ngettext in libc
configure:14898: gcc -o conftest -g -O2   conftest.c  >&5
configure:14898: $? = 0
configure:14908: result: yes
configure:14912: checking for dgettext in libc
configure:14931: gcc -o conftest -g -O2   conftest.c  >&5
configure:14931: $? = 0
configure:14941: result: yes
configure:14946: checking for bind_textdomain_codeset
configure:14946: gcc -o conftest -g -O2   conftest.c  >&5
configure:14946: $? = 0
configure:14946: result: yes
configure:15216: checking for msgfmt
configure:15244: result: /usr/bin/msgfmt
configure:15253: checking for dcgettext
configure:15253: gcc -o conftest -g -O2   conftest.c   >&5
conftest.c:64:6: warning: conflicting types for built-in function 'dcgettext'; expected 'char *(const char *, const char *, int)' [-Wbuiltin-declaration-mismatch]
   64 | char dcgettext ();
      |      ^~~~~~~~~
configure:15253: $? = 0
configure:15253: result: yes
configure:15261: checking if msgfmt accepts -c
configure:15276: $MSGFMT -c -o /dev/null conftest.foo
conftest.foo:3: warning: header field 'Language' missing in header
configure:15279: $? = 0
configure:15281: result: yes
configure:15291: checking for gmsgfmt
configure:15327: result: /usr/bin/msgfmt
configure:15337: checking for xgettext
configure:15365: result: /usr/bin/xgettext
configure:15384: gcc -o conftest -g -O2   conftest.c   >&5
configure:15384: $? = 0
configure:15467: checking for catalogs to be installed
configure:15492: result:  am ar ast be be@tarask bg bn ca cs da de el en_AU en_CA en_GB eo es et eu fa_IR fi fr gl he hr hu hy_AM hye id ie is it ja ka kk ko lt lv ms nb nl nn oc pa pl pt pt_BR ro ru si sk sl sq sr sv te th tr ug uk ur ur_PK vi zh_CN zh_HK zh_TW
configure:15525: checking for bind_textdomain_codeset
configure:15525: result: yes
configure:15532: checking for locales directory
configure:15549: result: ${prefix}/share/locale
configure:15553: checking for additional xgettext flags
configure:15561: result: --keyword=Q_ --from-code=UTF-8
configure:15570: checking how to run the C preprocessor
configure:15596: gcc -E  conftest.c
configure:15596: $? = 0
configure:15611: gcc -E  conftest.c
conftest.c:50:10: fatal error: ac_nonexistent.h: No such file or directory
   50 | #include <ac_nonexistent.h>
      |          ^~~~~~~~~~~~~~~~~~
compilation terminated.
configure:15611: $? = 1
configure: failed program was:
| /* confdefs.h */
| #define PACKAGE_NAME "xfwm4"
| #define PACKAGE_TARNAME "xfwm4"
| #define PACKAGE_VERSION "4.16.1git.95e58ac80"
| #define PACKAGE_STRING "xfwm4 4.16.1git.95e58ac80"
| #define PACKAGE_BUGREPORT "xfce4-dev@xfce.org"
| #define PACKAGE_URL ""
| #define PACKAGE "xfwm4"
| #define VERSION "4.16.1git.95e58ac80"
| #define HAVE_STDIO_H 1
| #define HAVE_STDLIB_H 1
| #define HAVE_STRING_H 1
| #define HAVE_INTTYPES_H 1
| #define HAVE_STDINT_H 1
| #define HAVE_STRINGS_H 1
| #define HAVE_SYS_STAT_H 1
| #define HAVE_SYS_TYPES_H 1
| #define HAVE_UNISTD_H 1
| #define HAVE_WCHAR_H 1
| #define STDC_HEADERS 1
| #define _ALL_SOURCE 1
| #define _DARWIN_C_SOURCE 1
| #define _GNU_SOURCE 1
| #define _HPUX_ALT_XOPEN_SOCKET_API 1
| #define _NETBSD_SOURCE 1
| #define _OPENBSD_SOURCE 1
| #define _POSIX_PTHREAD_SEMANTICS 1
| #define __STDC_WANT_IEC_60559_ATTRIBS_EXT__ 1
| #define __STDC_WANT_IEC_60559_BFP_EXT__ 1
| #define __STDC_WANT_IEC_60559_DFP_EXT__ 1
| #define __STDC_WANT_IEC_60559_FUNCS_EXT__ 1
| #define __STDC_WANT_IEC_60559_TYPES_EXT__ 1
| #define __STDC_WANT_LIB_EXT2__ 1
| #define __STDC_WANT_MATH_SPEC_FUNCS__ 1
| #define _TANDEM_SOURCE 1
| #define __EXTENSIONS__ 1
| #define HAVE_DLFCN_H 1
| #define LT_OBJDIR ".libs/"
| #define HAVE_DAEMON 1
| #define HAVE_SETSID 1
| #define HAVE_OPENDIR 1
| #define GETTEXT_PACKAGE "xfwm4"
| #define HAVE_LOCALE_H 1
| #define HAVE_LC_MESSAGES 1
| #define HAVE_BIND_TEXTDOMAIN_CODESET 1
| #define HAVE_GETTEXT 1
| #define HAVE_DCGETTEXT 1
| #define ENABLE_NLS 1
| /* end confdefs.h.  */
| #include <ac_nonexistent.h>
configure:15638: result: gcc -E
configure:15652: gcc -E  conftest.c
configure:15652: $? = 0
configure:15667: gcc -E  conftest.c
conftest.c:50:10: fatal error: ac_nonexistent.h: No such file or directory
   50 | #include <ac_nonexistent.h>
      |          ^~~~~~~~~~~~~~~~~~
compilation terminated.
configure:15667: $? = 1
configure: failed program was:
| /* confdefs.h */
| #define PACKAGE_NAME "xfwm4"
| #define PACKAGE_TARNAME "xfwm4"
| #define PACKAGE_VERSION "4.16.1git.95e58ac80"
| #define PACKAGE_STRING "xfwm4 4.16.1git.95e58ac80"
| #define PACKAGE_BUGREPORT "xfce4-dev@xfce.org"
| #define PACKAGE_URL ""
| #define PACKAGE "xfwm4"
| #define VERSION "4.16.1git.95e58ac80"
| #define HAVE_STDIO_H 1
| #define HAVE_STDLIB_H 1
| #define HAVE_STRING_H 1
| #define HAVE_INTTYPES_H 1
| #define HAVE_STDINT_H 1
| #define HAVE_STRINGS_H 1
| #define HAVE_SYS_STAT_H 1
| #define HAVE_SYS_TYPES_H 1
| #define HAVE_UNISTD_H 1
| #define HAVE_WCHAR_H 1
| #define STDC_HEADERS 1
| #define _ALL_SOURCE 1
| #define _DARWIN_C_SOURCE 1
| #define _GNU_SOURCE 1
| #define _HPUX_ALT_XOPEN_SOCKET_API 1
| #define _NETBSD_SOURCE 1
| #define _OPENBSD_SOURCE 1
| #define _POSIX_PTHREAD_SEMANTICS 1
| #define __STDC_WANT_IEC_60559_ATTRIBS_EXT__ 1
| #define __STDC_WANT_IEC_60559_BFP_EXT__ 1
| #define __STDC_WANT_IEC_60559_DFP_EXT__ 1
| #define __STDC_WANT_IEC_60559_FUNCS_EXT__ 1
| #define __STDC_WANT_IEC_60559_TYPES_EXT__ 1
| #define __STDC_WANT_LIB_EXT2__ 1
| #define __STDC_WANT_MATH_SPEC_FUNCS__ 1
| #define _TANDEM_SOURCE 1
| #define __EXTENSIONS__ 1
| #define HAVE_DLFCN_H 1
| #define LT_OBJDIR ".libs/"
| #define HAVE_DAEMON 1
| #define HAVE_SETSID 1
| #define HAVE_OPENDIR 1
| #define GETTEXT_PACKAGE "xfwm4"
| #define HAVE_LOCALE_H 1
| #define HAVE_LC_MESSAGES 1
| #define HAVE_BIND_TEXTDOMAIN_CODESET 1
| #define HAVE_GETTEXT 1
| #define HAVE_DCGETTEXT 1
| #define ENABLE_NLS 1
| /* end confdefs.h.  */
| #include <ac_nonexistent.h>
configure:15698: checking for X
configure:15736: gcc -o conftest -g -O2   conftest.c -lX11  >&5
configure:15736: $? = 0
configure:15923: result: libraries , headers 
configure:16021: gcc -o conftest -g -O2   conftest.c   -lX11 >&5
configure:16021: $? = 0
configure:16120: checking for gethostbyname
configure:16120: gcc -o conftest -g -O2   conftest.c  >&5
configure:16120: $? = 0
configure:16120: result: yes
configure:16218: checking for connect
configure:16218: gcc -o conftest -g -O2   conftest.c  >&5
configure:16218: $? = 0
configure:16218: result: yes
configure:16268: checking for remove
configure:16268: gcc -o conftest -g -O2   conftest.c  >&5
configure:16268: $? = 0
configure:16268: result: yes
configure:16318: checking for shmat
configure:16318: gcc -o conftest -g -O2   conftest.c  >&5
configure:16318: $? = 0
configure:16318: result: yes
configure:16377: checking for IceConnectionNumber in -lICE
configure:16400: gcc -o conftest -g -O2   conftest.c -lICE   >&5
configure:16400: $? = 0
configure:16410: result: yes
configure:16426: checking for main in -lX11
configure:16446: gcc -o conftest -g -O2   conftest.c -lX11   -lSM -lICE    >&5
configure:16446: $? = 0
configure:16456: result: yes
configure:16501: checking for SmcSaveYourselfDone in -lSM
configure:16524: gcc -o conftest -g -O2   conftest.c -lSM    -lSM -lICE -lX11 -lICE  >&5
configure:16524: $? = 0
configure:16534: result: yes
configure:16557: checking for XShapeCombineShape in -lXext
configure:16580: gcc -o conftest -g -O2   conftest.c -lXext    -lSM -lICE -lX11  >&5
configure:16580: $? = 0
configure:16590: result: yes
configure:16665: checking for XResQueryClientIds in -lXRes
configure:16688: gcc -o conftest -g -O2   conftest.c -lXRes    -lSM -lICE -lX11 -lXext  >&5
configure:16688: $? = 0
configure:16698: result: yes
configure:16778: checking for pkg-config
configure:16801: found /usr/bin/pkg-config
configure:16813: result: /usr/bin/pkg-config
configure:16838: checking pkg-config is at least version 0.9.0
configure:16841: result: yes
configure:16863: checking for gtk+-3.0 >= 3.22.0
configure:16867: result: 3.24.33
configure:16870: checking GTK_CFLAGS
configure:16873: result: -pthread -I/usr/include/gtk-3.0 -I/usr/include/at-spi2-atk/2.0 -I/usr/include/at-spi-2.0 -I/usr/include/dbus-1.0 -I/usr/lib/x86_64-linux-gnu/dbus-1.0/include -I/usr/include/gtk-3.0 -I/usr/include/gio-unix-2.0 -I/usr/include/cairo -I/usr/include/pango-1.0 -I/usr/include/harfbuzz -I/usr/include/pango-1.0 -I/usr/include/fribidi -I/usr/include/harfbuzz -I/usr/include/atk-1.0 -I/usr/include/cairo -I/usr/include/pixman-1 -I/usr/include/uuid -I/usr/include/freetype2 -I/usr/include/gdk-pixbuf-2.0 -I/usr/include/libpng16 -I/usr/include/x86_64-linux-gnu -I/usr/include/libmount -I/usr/include/blkid -I/usr/include/glib-2.0 -I/usr/lib/x86_64-linux-gnu/glib-2.0/include
configure:16876: checking GTK_LIBS
configure:16879: result: -lgtk-3 -lgdk-3 -lpangocairo-1.0 -lpango-1.0 -lharfbuzz -latk-1.0 -lcairo-gobject -lcairo -lgdk_pixbuf-2.0 -lgio-2.0 -lgobject-2.0 -lglib-2.0
configure:16983: checking for pkg-config
configure:17018: result: /usr/bin/pkg-config
configure:17043: checking pkg-config is at least version 0.9.0
configure:17046: result: yes
configure:17068: checking for libxfce4util-1.0 >= 4.8.0
configure:17072: result: 4.16.0
configure:17075: checking LIBXFCE4UTIL_CFLAGS
configure:17078: result: -I/usr/include/xfce4 -I/usr/include/glib-2.0 -I/usr/lib/x86_64-linux-gnu/glib-2.0/include
configure:17081: checking LIBXFCE4UTIL_LIBS
configure:17084: result: -lxfce4util -lglib-2.0
configure:17188: checking for pkg-config
configure:17223: result: /usr/bin/pkg-config
configure:17248: checking pkg-config is at least version 0.9.0
configure:17251: result: yes
configure:17273: checking for libxfce4ui-2 >= 4.12.0
configure:17277: result: 4.16.1
configure:17280: checking LIBXFCE4UI_CFLAGS
configure:17283: result: -pthread -I/usr/include/xfce4/libxfce4ui-2 -I/usr/include/gtk-3.0 -I/usr/include/at-spi2-atk/2.0 -I/usr/include/at-spi-2.0 -I/usr/include/dbus-1.0 -I/usr/lib/x86_64-linux-gnu/dbus-1.0/include -I/usr/include/gtk-3.0 -I/usr/include/gio-unix-2.0 -I/usr/include/cairo -I/usr/include/pango-1.0 -I/usr/include/harfbuzz -I/usr/include/pango-1.0 -I/usr/include/fribidi -I/usr/include/harfbuzz -I/usr/include/atk-1.0 -I/usr/include/cairo -I/usr/include/pixman-1 -I/usr/include/uuid -I/usr/include/freetype2 -I/usr/include/gdk-pixbuf-2.0 -I/usr/include/libpng16 -I/usr/include/x86_64-linux-gnu -I/usr/include/libmount -I/usr/include/blkid -I/usr/include/xfce4 -I/usr/include/glib-2.0 -I/usr/lib/x86_64-linux-gnu/glib-2.0/include
configure:17286: checking LIBXFCE4UI_LIBS
configure:17289: result: -lxfce4ui-2 -lgtk-3 -lgdk-3 -lpangocairo-1.0 -lpango-1.0 -lharfbuzz -latk-1.0 -lcairo-gobject -lcairo -lgdk_pixbuf-2.0 -lgio-2.0 -lgobject-2.0 -lxfce4util -lglib-2.0
configure:17393: checking for pkg-config
configure:17428: result: /usr/bin/pkg-config
configure:17453: checking pkg-config is at least version 0.9.0
configure:17456: result: yes
configure:17478: checking for libxfce4kbd-private-3 >= 4.12.0
configure:17482: result: 4.16.1
configure:17485: checking LIBXFCE4KBD_PRIVATE_CFLAGS
configure:17488: result: -pthread -I/usr/include/xfce4/libxfce4kbd-private-3 -I/usr/include/xfce4/xfconf-0 -I/usr/include/xfce4/libxfce4ui-2 -I/usr/include/gtk-3.0 -I/usr/include/at-spi2-atk/2.0 -I/usr/include/at-spi-2.0 -I/usr/include/dbus-1.0 -I/usr/lib/x86_64-linux-gnu/dbus-1.0/include -I/usr/include/gtk-3.0 -I/usr/include/gio-unix-2.0 -I/usr/include/cairo -I/usr/include/pango-1.0 -I/usr/include/harfbuzz -I/usr/include/pango-1.0 -I/usr/include/fribidi -I/usr/include/harfbuzz -I/usr/include/atk-1.0 -I/usr/include/cairo -I/usr/include/pixman-1 -I/usr/include/uuid -I/usr/include/freetype2 -I/usr/include/gdk-pixbuf-2.0 -I/usr/include/libpng16 -I/usr/include/x86_64-linux-gnu -I/usr/include/libmount -I/usr/include/blkid -I/usr/include/xfce4 -I/usr/include/glib-2.0 -I/usr/lib/x86_64-linux-gnu/glib-2.0/include
configure:17491: checking LIBXFCE4KBD_PRIVATE_LIBS
configure:17494: result: -lxfce4kbd-private-3 -lxfconf-0 -lxfce4ui-2 -lgtk-3 -lgdk-3 -lpangocairo-1.0 -lpango-1.0 -lharfbuzz -latk-1.0 -lcairo-gobject -lcairo -lgdk_pixbuf-2.0 -lgio-2.0 -lgobject-2.0 -lxfce4util -lglib-2.0
configure:17598: checking for pkg-config
configure:17633: result: /usr/bin/pkg-config
configure:17658: checking pkg-config is at least version 0.9.0
configure:17661: result: yes
configure:17683: checking for libxfconf-0 >= 4.13.0
configure:17687: result: 4.16.0
configure:17690: checking LIBXFCONF_CFLAGS
configure:17693: result: -pthread -I/usr/include/xfce4/xfconf-0 -I/usr/include/libmount -I/usr/include/blkid -I/usr/include/glib-2.0 -I/usr/lib/x86_64-linux-gnu/glib-2.0/include
configure:17696: checking LIBXFCONF_LIBS
configure:17699: result: -lxfconf-0 -lgio-2.0 -lgobject-2.0 -lglib-2.0
configure:18206: checking for pkg-config
configure:18241: result: /usr/bin/pkg-config
configure:18266: checking pkg-config is at least version 0.9.0
configure:18269: result: yes
configure:18291: checking for libwnck-3.0 >= 3.14
configure:18295: result: 40.1
configure:18298: checking LIBWNCK_CFLAGS
configure:18301: result: -pthread -I/usr/include/libwnck-3.0 -I/usr/include/startup-notification-1.0 -I/usr/include/gtk-3.0 -I/usr/include/at-spi2-atk/2.0 -I/usr/include/at-spi-2.0 -I/usr/include/dbus-1.0 -I/usr/lib/x86_64-linux-gnu/dbus-1.0/include -I/usr/include/gtk-3.0 -I/usr/include/gio-unix-2.0 -I/usr/include/cairo -I/usr/include/pango-1.0 -I/usr/include/harfbuzz -I/usr/include/pango-1.0 -I/usr/include/fribidi -I/usr/include/harfbuzz -I/usr/include/atk-1.0 -I/usr/include/cairo -I/usr/include/pixman-1 -I/usr/include/uuid -I/usr/include/freetype2 -I/usr/include/gdk-pixbuf-2.0 -I/usr/include/libpng16 -I/usr/include/x86_64-linux-gnu -I/usr/include/libmount -I/usr/include/blkid -I/usr/include/glib-2.0 -I/usr/lib/x86_64-linux-gnu/glib-2.0/include
configure:18304: checking LIBWNCK_LIBS
configure:18307: result: -lwnck-3 -lgtk-3 -lgdk-3 -lpangocairo-1.0 -lpango-1.0 -lharfbuzz -latk-1.0 -lcairo-gobject -lcairo -lgdk_pixbuf-2.0 -lgio-2.0 -lgobject-2.0 -lglib-2.0
configure:18411: checking for pkg-config
configure:18446: result: /usr/bin/pkg-config
configure:18471: checking pkg-config is at least version 0.9.0
configure:18474: result: yes
configure:18496: checking for xinerama >= 0
configure:18500: result: 1.1.4
configure:18503: checking XINERAMA_CFLAGS
configure:18506: result: 
configure:18509: checking XINERAMA_LIBS
configure:18512: result: -lXinerama
configure:18557: checking for xdt-csource
configure:18580: found /usr/bin/xdt-csource
configure:18592: result: /usr/bin/xdt-csource
configure:18610: checking for glib-compile-resources
configure:18633: found /usr/bin/glib-compile-resources
configure:18645: result: /usr/bin/glib-compile-resources
configure:18744: checking for pkg-config
configure:18779: result: /usr/bin/pkg-config
configure:18804: checking pkg-config is at least version 0.9.0
configure:18807: result: yes
configure:18829: checking for epoxy >= 1.0
configure:18833: result: 1.5.10
configure:18836: checking EPOXY_CFLAGS
configure:18839: result: 
configure:18842: checking EPOXY_LIBS
configure:18845: result: -lepoxy
configure:18992: checking for pkg-config
configure:19027: result: /usr/bin/pkg-config
configure:19052: checking pkg-config is at least version 0.9.0
configure:19055: result: yes
configure:19077: checking for libstartup-notification-1.0 >= 0.5
configure:19081: result: 0.12
configure:19084: checking LIBSTARTUP_NOTIFICATION_CFLAGS
configure:19087: result: -I/usr/include/startup-notification-1.0
configure:19090: checking LIBSTARTUP_NOTIFICATION_LIBS
configure:19093: result: -lstartup-notification-1
configure:19172: checking for XSyncCreateFence in -lXext
configure:19195: gcc -o conftest -g -O2   conftest.c -lXext   >&5
configure:19195: $? = 0
configure:19205: result: yes
configure:19234: checking for xrender
configure:19241: $PKG_CONFIG --exists --print-errors "xrender"
configure:19244: $? = 0
configure:19258: $PKG_CONFIG --exists --print-errors "xrender"
configure:19261: $? = 0
configure:19319: result: yes
configure:19392: checking for XRRUpdateConfiguration in -lXrandr
configure:19415: gcc -o conftest -g -O2    conftest.c -lXrandr    -lSM -lICE -lX11 -lXext -lXRes -lXrender -lXext  >&5
configure:19415: $? = 0
configure:19425: result: yes
configure:19429: checking for X11/extensions/Xrandr.h
configure:19429: gcc -c -g -O2   conftest.c >&5
configure:19429: $? = 0
configure:19429: result: yes
configure:19576: checking for xcomposite >= 0.2 xfixes xdamage
configure:19583: $PKG_CONFIG --exists --print-errors "xcomposite >= 0.2 xfixes xdamage"
configure:19586: $? = 0
configure:19600: $PKG_CONFIG --exists --print-errors "xcomposite >= 0.2 xfixes xdamage"
configure:19603: $? = 0
configure:19661: result: yes
configure:19707: checking whether to build with debugging support
configure:19744: result: yes
configure:19750: checking if gcc supports -DXFCE_DISABLE_DEPRECATED
configure:19758: gcc -c -g -O2 -DXFCE_DISABLE_DEPRECATED  conftest.c >&5
configure:19758: $? = 0
configure:19766: result: yes
configure:19750: checking if gcc supports -Wall
configure:19758: gcc -c -g -O2 -Wall  conftest.c >&5
configure:19758: $? = 0
configure:19766: result: yes
configure:19750: checking if gcc supports -Wextra
configure:19758: gcc -c -g -O2 -Wextra  conftest.c >&5
configure:19758: $? = 0
configure:19766: result: yes
configure:19750: checking if gcc supports -Wno-missing-field-initializers
configure:19758: gcc -c -g -O2 -Wno-missing-field-initializers  conftest.c >&5
configure:19758: $? = 0
configure:19766: result: yes
configure:19750: checking if gcc supports -Wno-unused-parameter
configure:19758: gcc -c -g -O2 -Wno-unused-parameter  conftest.c >&5
configure:19758: $? = 0
configure:19766: result: yes
configure:19750: checking if gcc supports -Wold-style-definition
configure:19758: gcc -c -g -O2 -Wold-style-definition  conftest.c >&5
configure:19758: $? = 0
configure:19766: result: yes
configure:19750: checking if gcc supports -Wdeclaration-after-statement
configure:19758: gcc -c -g -O2 -Wdeclaration-after-statement  conftest.c >&5
configure:19758: $? = 0
configure:19766: result: yes
configure:19750: checking if gcc supports -Wmissing-declarations
configure:19758: gcc -c -g -O2 -Wmissing-declarations  conftest.c >&5
configure:19758: $? = 0
configure:19766: result: yes
configure:19750: checking if gcc supports -Wmissing-noreturn
configure:19758: gcc -c -g -O2 -Wmissing-noreturn  conftest.c >&5
configure:19758: $? = 0
configure:19766: result: yes
configure:19750: checking if gcc supports -Wpointer-arith
configure:19758: gcc -c -g -O2 -Wpointer-arith  conftest.c >&5
configure:19758: $? = 0
configure:19766: result: yes
configure:19750: checking if gcc supports -Wcast-align
configure:19758: gcc -c -g -O2 -Wcast-align  conftest.c >&5
configure:19758: $? = 0
configure:19766: result: yes
configure:19750: checking if gcc supports -Wformat
configure:19758: gcc -c -g -O2 -Wformat  conftest.c >&5
configure:19758: $? = 0
configure:19766: result: yes
configure:19750: checking if gcc supports -Wformat-security
configure:19758: gcc -c -g -O2 -Wformat-security  conftest.c >&5
configure:19758: $? = 0
configure:19766: result: yes
configure:19750: checking if gcc supports -Wformat-y2k
configure:19758: gcc -c -g -O2 -Wformat-y2k  conftest.c >&5
configure:19758: $? = 0
configure:19766: result: yes
configure:19750: checking if gcc supports -Winit-self
configure:19758: gcc -c -g -O2 -Winit-self  conftest.c >&5
configure:19758: $? = 0
configure:19766: result: yes
configure:19750: checking if gcc supports -Wmissing-include-dirs
configure:19758: gcc -c -g -O2 -Wmissing-include-dirs  conftest.c >&5
configure:19758: $? = 0
configure:19766: result: yes
configure:19750: checking if gcc supports -Wundef
configure:19758: gcc -c -g -O2 -Wundef  conftest.c >&5
configure:19758: $? = 0
configure:19766: result: yes
configure:19750: checking if gcc supports -Wnested-externs
configure:19758: gcc -c -g -O2 -Wnested-externs  conftest.c >&5
configure:19758: $? = 0
configure:19766: result: yes
configure:19750: checking if gcc supports -fstack-protector
configure:19758: gcc -c -g -O2 -fstack-protector  conftest.c >&5
configure:19758: $? = 0
configure:19766: result: yes
configure:19750: checking if gcc supports -Wredundant-decls
configure:19758: gcc -c -g -O2 -Wredundant-decls  conftest.c >&5
configure:19758: $? = 0
configure:19766: result: yes
configure:19750: checking if gcc supports -g
configure:19758: gcc -c -g -O2 -g  conftest.c >&5
configure:19758: $? = 0
configure:19766: result: yes
configure:19750: checking if gcc supports -Wshadow
configure:19758: gcc -c -g -O2 -Wshadow  conftest.c >&5
configure:19758: $? = 0
configure:19766: result: yes
configure:19907: checking that generated files are newer than configure
configure:19913: result: done
configure:19960: creating ./config.status

## ---------------------- ##
## Running config.status. ##
## ---------------------- ##

This file was extended by xfwm4 config.status 4.16.1git.95e58ac80, which was
generated by GNU Autoconf 2.71.  Invocation command line was

  CONFIG_FILES    = 
  CONFIG_HEADERS  = 
  CONFIG_LINKS    = 
  CONFIG_COMMANDS = 
  $ ./config.status 

on mint

config.status:1316: creating Makefile
config.status:1316: creating defaults/Makefile
config.status:1316: creating helper-dialog/Makefile
config.status:1316: creating icons/Makefile
config.status:1316: creating icons/16x16/Makefile
config.status:1316: creating icons/22x22/Makefile
config.status:1316: creating icons/48x48/Makefile
config.status:1316: creating icons/128x128/Makefile
config.status:1316: creating icons/scalable/Makefile
config.status:1316: creating po/Makefile.in
config.status:1316: creating common/Makefile
config.status:1316: creating settings-dialogs/Makefile
config.status:1316: creating src/Makefile
config.status:1316: creating themes/Makefile
config.status:1316: creating themes/daloa/Makefile
config.status:1316: creating themes/default/Makefile
config.status:1316: creating themes/default-hdpi/Makefile
config.status:1316: creating themes/default-xhdpi/Makefile
config.status:1316: creating themes/kokodi/Makefile
config.status:1316: creating themes/moheli/Makefile
config.status:1316: creating config.h
config.status:1497: config.h is unchanged
config.status:1545: executing depfiles commands
config.status:1622: cd helper-dialog       && sed -e '/# am--include-marker/d' Makefile         | gmake -f - am--depfiles
gmake: Nothing to be done for 'am--depfiles'.
config.status:1627: $? = 0
config.status:1622: cd common       && sed -e '/# am--include-marker/d' Makefile         | gmake -f - am--depfiles
gmake: Nothing to be done for 'am--depfiles'.
config.status:1627: $? = 0
config.status:1622: cd settings-dialogs       && sed -e '/# am--include-marker/d' Makefile         | gmake -f - am--depfiles
gmake: Nothing to be done for 'am--depfiles'.
config.status:1627: $? = 0
config.status:1622: cd src       && sed -e '/# am--include-marker/d' Makefile         | gmake -f - am--depfiles
gmake: Nothing to be done for 'am--depfiles'.
config.status:1627: $? = 0
config.status:1545: executing libtool commands
config.status:1545: executing default-1 commands
config.status:1545: executing po/stamp-it commands

## ---------------- ##
## Cache variables. ##
## ---------------- ##

ac_cv_build=x86_64-pc-linux-gnu
ac_cv_c_compiler_gnu=yes
ac_cv_c_inline=inline
ac_cv_env_CC_set=
ac_cv_env_CC_value=
ac_cv_env_CFLAGS_set=
ac_cv_env_CFLAGS_value=
ac_cv_env_COMPOSITOR_CFLAGS_set=
ac_cv_env_COMPOSITOR_CFLAGS_value=
ac_cv_env_COMPOSITOR_LIBS_set=
ac_cv_env_COMPOSITOR_LIBS_value=
ac_cv_env_CPPFLAGS_set=
ac_cv_env_CPPFLAGS_value=
ac_cv_env_CPP_set=
ac_cv_env_CPP_value=
ac_cv_env_LDFLAGS_set=
ac_cv_env_LDFLAGS_value=
ac_cv_env_LIBS_set=
ac_cv_env_LIBS_value=
ac_cv_env_LT_SYS_LIBRARY_PATH_set=
ac_cv_env_LT_SYS_LIBRARY_PATH_value=
ac_cv_env_PKG_CONFIG_LIBDIR_set=
ac_cv_env_PKG_CONFIG_LIBDIR_value=
ac_cv_env_PKG_CONFIG_PATH_set=
ac_cv_env_PKG_CONFIG_PATH_value=
ac_cv_env_PKG_CONFIG_set=
ac_cv_env_PKG_CONFIG_value=
ac_cv_env_PRESENT_EXTENSION_CFLAGS_set=
ac_cv_env_PRESENT_EXTENSION_CFLAGS_value=
ac_cv_env_PRESENT_EXTENSION_LIBS_set=
ac_cv_env_PRESENT_EXTENSION_LIBS_value=
ac_cv_env_RENDER_CFLAGS_set=
ac_cv_env_RENDER_CFLAGS_value=
ac_cv_env_RENDER_LIBS_set=
ac_cv_env_RENDER_LIBS_value=
ac_cv_env_XMKMF_set=
ac_cv_env_XMKMF_value=
ac_cv_env_build_alias_set=
ac_cv_env_build_alias_value=
ac_cv_env_host_alias_set=
ac_cv_env_host_alias_value=
ac_cv_env_target_alias_set=
ac_cv_env_target_alias_value=
ac_cv_func_bind_textdomain_codeset=yes
ac_cv_func_connect=yes
ac_cv_func_daemon=yes
ac_cv_func_dcgettext=yes
ac_cv_func_gethostbyname=yes
ac_cv_func_opendir=yes
ac_cv_func_remove=yes
ac_cv_func_setsid=yes
ac_cv_func_shmat=yes
ac_cv_have_x='have_x=yes	ac_x_includes='\'''\''	ac_x_libraries='\'''\'''
ac_cv_header_X11_extensions_Xrandr_h=yes
ac_cv_header_dlfcn_h=yes
ac_cv_header_inttypes_h=yes
ac_cv_header_libintl_h=yes
ac_cv_header_locale_h=yes
ac_cv_header_minix_config_h=no
ac_cv_header_stdint_h=yes
ac_cv_header_stdio_h=yes
ac_cv_header_stdlib_h=yes
ac_cv_header_string_h=yes
ac_cv_header_strings_h=yes
ac_cv_header_stropts_h=no
ac_cv_header_sys_stat_h=yes
ac_cv_header_sys_types_h=yes
ac_cv_header_unistd_h=yes
ac_cv_header_wchar_h=yes
ac_cv_host=x86_64-pc-linux-gnu
ac_cv_lib_ICE_IceConnectionNumber=yes
ac_cv_lib_SM_SmcSaveYourselfDone=yes
ac_cv_lib_X11_main=yes
ac_cv_lib_XRes_XResQueryClientIds=yes
ac_cv_lib_Xext_XShapeCombineShape=yes
ac_cv_lib_Xext_XSyncCreateFence=yes
ac_cv_lib_Xrandr_XRRUpdateConfiguration=yes
ac_cv_lib_m_ceil=yes
ac_cv_objext=o
ac_cv_path_EGREP='/usr/bin/grep -E'
ac_cv_path_FGREP='/usr/bin/grep -F'
ac_cv_path_GLIB_COMPILE_RESOURCES=/usr/bin/glib-compile-resources
ac_cv_path_GMSGFMT=/usr/bin/msgfmt
ac_cv_path_GREP=/usr/bin/grep
ac_cv_path_INTLTOOL_EXTRACT=/usr/bin/intltool-extract
ac_cv_path_INTLTOOL_MERGE=/usr/bin/intltool-merge
ac_cv_path_INTLTOOL_PERL=/usr/bin/perl
ac_cv_path_INTLTOOL_UPDATE=/usr/bin/intltool-update
ac_cv_path_MSGFMT=/usr/bin/msgfmt
ac_cv_path_MSGMERGE=/usr/bin/msgmerge
ac_cv_path_SED=/usr/bin/sed
ac_cv_path_XDT_CSOURCE=/usr/bin/xdt-csource
ac_cv_path_XGETTEXT=/usr/bin/xgettext
ac_cv_path_ac_pt_PKG_CONFIG=/usr/bin/pkg-config
ac_cv_path_install='/usr/bin/install -c'
ac_cv_path_lt_DD=/usr/bin/dd
ac_cv_path_mkdir=/usr/bin/mkdir
ac_cv_prog_AWK=gawk
ac_cv_prog_CPP='gcc -E'
ac_cv_prog_ac_ct_AR=ar
ac_cv_prog_ac_ct_CC=gcc
ac_cv_prog_ac_ct_MANIFEST_TOOL=mt
ac_cv_prog_ac_ct_OBJDUMP=objdump
ac_cv_prog_ac_ct_RANLIB=ranlib
ac_cv_prog_ac_ct_STRIP=strip
ac_cv_prog_cc_c11=
ac_cv_prog_cc_g=yes
ac_cv_prog_cc_stdc=
ac_cv_prog_make_gmake_set=yes
ac_cv_safe_to_define___extensions__=yes
ac_cv_should_define__xopen_source=no
am_cv_CC_dependencies_compiler_type=gcc3
am_cv_make_support_nested_variables=yes
am_cv_prog_cc_c_o=yes
am_cv_prog_tar_ustar=gnutar
am_cv_val_LC_MESSAGES=yes
gt_cv_func_CFLocaleCopyCurrent=no
gt_cv_func_CFPreferencesCopyAppValue=no
gt_cv_func_dgettext_libc=yes
gt_cv_func_dgettext_libintl=no
gt_cv_func_ngettext_libc=yes
gt_cv_have_gettext=yes
lt_cv_ar_at_file=@
lt_cv_archive_cmds_need_lc=no
lt_cv_deplibs_check_method=pass_all
lt_cv_file_magic_cmd='$MAGIC_CMD'
lt_cv_file_magic_test_file=
lt_cv_ld_reload_flag=-r
lt_cv_nm_interface='BSD nm'
lt_cv_objdir=.libs
lt_cv_path_LD=/usr/bin/ld
lt_cv_path_NM='/usr/bin/nm -B'
lt_cv_path_mainfest_tool=no
lt_cv_prog_compiler_c_o=yes
lt_cv_prog_compiler_pic='-fPIC -DPIC'
lt_cv_prog_compiler_pic_works=yes
lt_cv_prog_compiler_rtti_exceptions=no
lt_cv_prog_compiler_static_works=yes
lt_cv_prog_gnu_ld=yes
lt_cv_sharedlib_from_linklib_cmd='printf %s\n'
lt_cv_shlibpath_overrides_runpath=yes
lt_cv_sys_global_symbol_pipe='sed -n -e '\''s/^.*[	 ]\([ABCDGIRSTW][ABCDGIRSTW]*\)[	 ][	 ]*\([_A-Za-z][_A-Za-z0-9]*\)$/\1 \2 \2/p'\'' | sed '\''/ __gnu_lto/d'\'''
lt_cv_sys_global_symbol_to_c_name_address='sed -n -e '\''s/^: \(.*\) .*$/  {"\1", (void *) 0},/p'\'' -e '\''s/^[ABCDGIRSTW][ABCDGIRSTW]* .* \(.*\)$/  {"\1", (void *) \&\1},/p'\'''
lt_cv_sys_global_symbol_to_c_name_address_lib_prefix='sed -n -e '\''s/^: \(.*\) .*$/  {"\1", (void *) 0},/p'\'' -e '\''s/^[ABCDGIRSTW][ABCDGIRSTW]* .* \(lib.*\)$/  {"\1", (void *) \&\1},/p'\'' -e '\''s/^[ABCDGIRSTW][ABCDGIRSTW]* .* \(.*\)$/  {"lib\1", (void *) \&\1},/p'\'''
lt_cv_sys_global_symbol_to_cdecl='sed -n -e '\''s/^T .* \(.*\)$/extern int \1();/p'\'' -e '\''s/^[ABCDGIRSTW][ABCDGIRSTW]* .* \(.*\)$/extern char \1;/p'\'''
lt_cv_sys_global_symbol_to_import=
lt_cv_sys_max_cmd_len=1572864
lt_cv_to_host_file_cmd=func_convert_file_noop
lt_cv_to_tool_file_cmd=func_convert_file_noop
lt_cv_truncate_bin='/usr/bin/dd bs=4096 count=1'
pkg_cv_COMPOSITOR_CFLAGS=
pkg_cv_COMPOSITOR_LIBS='-lXcomposite -lXdamage -lXfixes'
pkg_cv_RENDER_CFLAGS=
pkg_cv_RENDER_LIBS='-lXrender -lX11'
xdt_cv_EPOXY_check=yes
xdt_cv_LIBSTARTUP_NOTIFICATION_check=yes
xdt_cv_PKG_CONFIG_MIN_VERSION=0.9.0
xdt_cv_additional_CFLAGS='-DXFCE_DISABLE_DEPRECATED                               -Wall -Wextra                               -Wno-missing-field-initializers                               -Wno-unused-parameter -Wold-style-definition                               -Wdeclaration-after-statement                               -Wmissing-declarations                               -Wmissing-noreturn -Wpointer-arith                               -Wcast-align -Wformat -Wformat-security -Wformat-y2k                               -Winit-self -Wmissing-include-dirs -Wundef                               -Wnested-externs -fstack-protector -Wredundant-decls -g -Wshadow'

## ----------------- ##
## Output variables. ##
## ----------------- ##

ACLOCAL='${SHELL} '\''/home/syndrizzle/Downloads/xfwm4/missing'\'' aclocal-1.16'
ALL_LINGUAS='am ar ast be be@tarask bg bn ca cs da de el en_AU en_CA en_GB eo es et eu fa_IR fi fr gl he hr hu hy_AM hye id ie is it ja ka kk ko lt lv ms nb nl nn oc pa pl pt pt_BR ro ru si sk sl sq sr sv te th tr ug uk ur ur_PK vi zh_CN zh_HK zh_TW'
AMDEPBACKSLASH='\'
AMDEP_FALSE='#'
AMDEP_TRUE=''
AMTAR='$${TAR-tar}'
AM_BACKSLASH='\'
AM_DEFAULT_V='$(AM_DEFAULT_VERBOSITY)'
AM_DEFAULT_VERBOSITY='0'
AM_V='$(V)'
AR='ar'
AUTOCONF='${SHELL} '\''/home/syndrizzle/Downloads/xfwm4/missing'\'' autoconf'
AUTOHEADER='${SHELL} '\''/home/syndrizzle/Downloads/xfwm4/missing'\'' autoheader'
AUTOMAKE='${SHELL} '\''/home/syndrizzle/Downloads/xfwm4/missing'\'' automake-1.16'
AWK='gawk'
CATALOGS=' am.gmo ar.gmo ast.gmo be.gmo be@tarask.gmo bg.gmo bn.gmo ca.gmo cs.gmo da.gmo de.gmo el.gmo en_AU.gmo en_CA.gmo en_GB.gmo eo.gmo es.gmo et.gmo eu.gmo fa_IR.gmo fi.gmo fr.gmo gl.gmo he.gmo hr.gmo hu.gmo hy_AM.gmo hye.gmo id.gmo ie.gmo is.gmo it.gmo ja.gmo ka.gmo kk.gmo ko.gmo lt.gmo lv.gmo ms.gmo nb.gmo nl.gmo nn.gmo oc.gmo pa.gmo pl.gmo pt.gmo pt_BR.gmo ro.gmo ru.gmo si.gmo sk.gmo sl.gmo sq.gmo sr.gmo sv.gmo te.gmo th.gmo tr.gmo ug.gmo uk.gmo ur.gmo ur_PK.gmo vi.gmo zh_CN.gmo zh_HK.gmo zh_TW.gmo'
CATOBJEXT='.gmo'
CC='gcc'
CCDEPMODE='depmode=gcc3'
CFLAGS='-g -O2  -DXFCE_DISABLE_DEPRECATED -Wall -Wextra -Wno-missing-field-initializers -Wno-unused-parameter -Wold-style-definition -Wdeclaration-after-statement -Wmissing-declarations -Wmissing-noreturn -Wpointer-arith -Wcast-align -Wformat -Wformat-security -Wformat-y2k -Winit-self -Wmissing-include-dirs -Wundef -Wnested-externs -fstack-protector -Wredundant-decls -g -Wshadow'
COMPOSITOR_CFLAGS=''
COMPOSITOR_LIBS='-lXcomposite -lXdamage -lXfixes'
CPP='gcc -E'
CPPFLAGS=''
CSCOPE='cscope'
CTAGS='ctags'
CYGPATH_W='echo'
DATADIRNAME='share'
DEFS='-DHAVE_CONFIG_H'
DEPDIR='.deps'
DLLTOOL='false'
DSYMUTIL=''
DUMPBIN=''
ECHO_C=''
ECHO_N='-n'
ECHO_T=''
EGREP='/usr/bin/grep -E'
ENABLE_COMPOSITOR='--enable-compositor'
ENABLE_KDE_SYSTRAY=''
EPOXY_CFLAGS=''
EPOXY_LIBS='-lepoxy'
EPOXY_REQUIRED_VERSION='1.0'
EPOXY_VERSION='1.5.10'
ETAGS='etags'
EXEEXT=''
FGREP='/usr/bin/grep -F'
GETTEXT_PACKAGE='xfwm4'
GLIB_COMPILE_RESOURCES='/usr/bin/glib-compile-resources'
GMOFILES=' am.gmo ar.gmo ast.gmo be.gmo be@tarask.gmo bg.gmo bn.gmo ca.gmo cs.gmo da.gmo de.gmo el.gmo en_AU.gmo en_CA.gmo en_GB.gmo eo.gmo es.gmo et.gmo eu.gmo fa_IR.gmo fi.gmo fr.gmo gl.gmo he.gmo hr.gmo hu.gmo hy_AM.gmo hye.gmo id.gmo ie.gmo is.gmo it.gmo ja.gmo ka.gmo kk.gmo ko.gmo lt.gmo lv.gmo ms.gmo nb.gmo nl.gmo nn.gmo oc.gmo pa.gmo pl.gmo pt.gmo pt_BR.gmo ro.gmo ru.gmo si.gmo sk.gmo sl.gmo sq.gmo sr.gmo sv.gmo te.gmo th.gmo tr.gmo ug.gmo uk.gmo ur.gmo ur_PK.gmo vi.gmo zh_CN.gmo zh_HK.gmo zh_TW.gmo'
GMSGFMT='/usr/bin/msgfmt'
GREP='/usr/bin/grep'
GTK_CFLAGS='-pthread -I/usr/include/gtk-3.0 -I/usr/include/at-spi2-atk/2.0 -I/usr/include/at-spi-2.0 -I/usr/include/dbus-1.0 -I/usr/lib/x86_64-linux-gnu/dbus-1.0/include -I/usr/include/gtk-3.0 -I/usr/include/gio-unix-2.0 -I/usr/include/cairo -I/usr/include/pango-1.0 -I/usr/include/harfbuzz -I/usr/include/pango-1.0 -I/usr/include/fribidi -I/usr/include/harfbuzz -I/usr/include/atk-1.0 -I/usr/include/cairo -I/usr/include/pixman-1 -I/usr/include/uuid -I/usr/include/freetype2 -I/usr/include/gdk-pixbuf-2.0 -I/usr/include/libpng16 -I/usr/include/x86_64-linux-gnu -I/usr/include/libmount -I/usr/include/blkid -I/usr/include/glib-2.0 -I/usr/lib/x86_64-linux-gnu/glib-2.0/include'
GTK_LIBS='-lgtk-3 -lgdk-3 -lpangocairo-1.0 -lpango-1.0 -lharfbuzz -latk-1.0 -lcairo-gobject -lcairo -lgdk_pixbuf-2.0 -lgio-2.0 -lgobject-2.0 -lglib-2.0'
GTK_REQUIRED_VERSION='3.22.0'
GTK_VERSION='3.24.33'
HAVE_CYGWIN_FALSE=''
HAVE_CYGWIN_TRUE='#'
HAVE_EPOXY_FALSE='#'
HAVE_EPOXY_TRUE=''
HAVE_LIBSTARTUP_NOTIFICATION_FALSE='#'
HAVE_LIBSTARTUP_NOTIFICATION_TRUE=''
HELPER_PATH_PREFIX='/usr/lib/x86_64-linux-gnu'
INSTALL_DATA='${INSTALL} -m 644'
INSTALL_PROGRAM='${INSTALL}'
INSTALL_SCRIPT='${INSTALL}'
INSTALL_STRIP_PROGRAM='$(install_sh) -c -s'
INSTOBJEXT='.mo'
INTLLIBS=''
INTLTOOL_CAVES_RULE='%.caves:     %.caves.in     $(INTLTOOL_MERGE) $(wildcard $(top_srcdir)/po/*.po) ; $(INTLTOOL_V_MERGE)LC_ALL=C $(INTLTOOL_MERGE) $(INTLTOOL_V_MERGE_OPTIONS) -d -u -c $(top_builddir)/po/.intltool-merge-cache $(top_srcdir)/po $< $@'
INTLTOOL_DESKTOP_RULE='%.desktop:   %.desktop.in   $(INTLTOOL_MERGE) $(wildcard $(top_srcdir)/po/*.po) ; $(INTLTOOL_V_MERGE)LC_ALL=C $(INTLTOOL_MERGE) $(INTLTOOL_V_MERGE_OPTIONS) -d -u -c $(top_builddir)/po/.intltool-merge-cache $(top_srcdir)/po $< $@'
INTLTOOL_DIRECTORY_RULE='%.directory: %.directory.in $(INTLTOOL_MERGE) $(wildcard $(top_srcdir)/po/*.po) ; $(INTLTOOL_V_MERGE)LC_ALL=C $(INTLTOOL_MERGE) $(INTLTOOL_V_MERGE_OPTIONS) -d -u -c $(top_builddir)/po/.intltool-merge-cache $(top_srcdir)/po $< $@'
INTLTOOL_EXTRACT='/usr/bin/intltool-extract'
INTLTOOL_KBD_RULE='%.kbd:       %.kbd.in       $(INTLTOOL_MERGE) $(wildcard $(top_srcdir)/po/*.po) ; $(INTLTOOL_V_MERGE)LC_ALL=C $(INTLTOOL_MERGE) $(INTLTOOL_V_MERGE_OPTIONS) -x -u -m -c $(top_builddir)/po/.intltool-merge-cache $(top_srcdir)/po $< $@'
INTLTOOL_KEYS_RULE='%.keys:      %.keys.in      $(INTLTOOL_MERGE) $(wildcard $(top_srcdir)/po/*.po) ; $(INTLTOOL_V_MERGE)LC_ALL=C $(INTLTOOL_MERGE) $(INTLTOOL_V_MERGE_OPTIONS) -k -u -c $(top_builddir)/po/.intltool-merge-cache $(top_srcdir)/po $< $@'
INTLTOOL_MERGE='/usr/bin/intltool-merge'
INTLTOOL_OAF_RULE='%.oaf:       %.oaf.in       $(INTLTOOL_MERGE) $(wildcard $(top_srcdir)/po/*.po) ; $(INTLTOOL_V_MERGE)LC_ALL=C $(INTLTOOL_MERGE) $(INTLTOOL_V_MERGE_OPTIONS) -o -p $(top_srcdir)/po $< $@'
INTLTOOL_PERL='/usr/bin/perl'
INTLTOOL_POLICY_RULE='%.policy:    %.policy.in    $(INTLTOOL_MERGE) $(wildcard $(top_srcdir)/po/*.po) ; $(INTLTOOL_V_MERGE)LC_ALL=C $(INTLTOOL_MERGE) $(INTLTOOL_V_MERGE_OPTIONS) -x -u -c $(top_builddir)/po/.intltool-merge-cache $(top_srcdir)/po $< $@'
INTLTOOL_PONG_RULE='%.pong:      %.pong.in      $(INTLTOOL_MERGE) $(wildcard $(top_srcdir)/po/*.po) ; $(INTLTOOL_V_MERGE)LC_ALL=C $(INTLTOOL_MERGE) $(INTLTOOL_V_MERGE_OPTIONS) -x -u -c $(top_builddir)/po/.intltool-merge-cache $(top_srcdir)/po $< $@'
INTLTOOL_PROP_RULE='%.prop:      %.prop.in      $(INTLTOOL_MERGE) $(wildcard $(top_srcdir)/po/*.po) ; $(INTLTOOL_V_MERGE)LC_ALL=C $(INTLTOOL_MERGE) $(INTLTOOL_V_MERGE_OPTIONS) -d -u -c $(top_builddir)/po/.intltool-merge-cache $(top_srcdir)/po $< $@'
INTLTOOL_SCHEMAS_RULE='%.schemas:   %.schemas.in   $(INTLTOOL_MERGE) $(wildcard $(top_srcdir)/po/*.po) ; $(INTLTOOL_V_MERGE)LC_ALL=C $(INTLTOOL_MERGE) $(INTLTOOL_V_MERGE_OPTIONS) -s -u -c $(top_builddir)/po/.intltool-merge-cache $(top_srcdir)/po $< $@'
INTLTOOL_SERVER_RULE='%.server:    %.server.in    $(INTLTOOL_MERGE) $(wildcard $(top_srcdir)/po/*.po) ; $(INTLTOOL_V_MERGE)LC_ALL=C $(INTLTOOL_MERGE) $(INTLTOOL_V_MERGE_OPTIONS) -o -u -c $(top_builddir)/po/.intltool-merge-cache $(top_srcdir)/po $< $@'
INTLTOOL_SERVICE_RULE='%.service: %.service.in   $(INTLTOOL_MERGE) $(wildcard $(top_srcdir)/po/*.po) ; $(INTLTOOL_V_MERGE)LC_ALL=C $(INTLTOOL_MERGE) $(INTLTOOL_V_MERGE_OPTIONS) -d -u -c $(top_builddir)/po/.intltool-merge-cache $(top_srcdir)/po $< $@'
INTLTOOL_SHEET_RULE='%.sheet:     %.sheet.in     $(INTLTOOL_MERGE) $(wildcard $(top_srcdir)/po/*.po) ; $(INTLTOOL_V_MERGE)LC_ALL=C $(INTLTOOL_MERGE) $(INTLTOOL_V_MERGE_OPTIONS) -x -u -c $(top_builddir)/po/.intltool-merge-cache $(top_srcdir)/po $< $@'
INTLTOOL_SOUNDLIST_RULE='%.soundlist: %.soundlist.in $(INTLTOOL_MERGE) $(wildcard $(top_srcdir)/po/*.po) ; $(INTLTOOL_V_MERGE)LC_ALL=C $(INTLTOOL_MERGE) $(INTLTOOL_V_MERGE_OPTIONS) -d -u -c $(top_builddir)/po/.intltool-merge-cache $(top_srcdir)/po $< $@'
INTLTOOL_THEME_RULE='%.theme:     %.theme.in     $(INTLTOOL_MERGE) $(wildcard $(top_srcdir)/po/*.po) ; $(INTLTOOL_V_MERGE)LC_ALL=C $(INTLTOOL_MERGE) $(INTLTOOL_V_MERGE_OPTIONS) -d -u -c $(top_builddir)/po/.intltool-merge-cache $(top_srcdir)/po $< $@'
INTLTOOL_UI_RULE='%.ui:        %.ui.in        $(INTLTOOL_MERGE) $(wildcard $(top_srcdir)/po/*.po) ; $(INTLTOOL_V_MERGE)LC_ALL=C $(INTLTOOL_MERGE) $(INTLTOOL_V_MERGE_OPTIONS) -x -u -c $(top_builddir)/po/.intltool-merge-cache $(top_srcdir)/po $< $@'
INTLTOOL_UPDATE='/usr/bin/intltool-update'
INTLTOOL_V_MERGE='$(INTLTOOL__v_MERGE_$(V))'
INTLTOOL_V_MERGE_OPTIONS='$(intltool__v_merge_options_$(V))'
INTLTOOL_XAM_RULE='%.xam:       %.xml.in       $(INTLTOOL_MERGE) $(wildcard $(top_srcdir)/po/*.po) ; $(INTLTOOL_V_MERGE)LC_ALL=C $(INTLTOOL_MERGE) $(INTLTOOL_V_MERGE_OPTIONS) -x -u -c $(top_builddir)/po/.intltool-merge-cache $(top_srcdir)/po $< $@'
INTLTOOL_XML_NOMERGE_RULE='%.xml:       %.xml.in       $(INTLTOOL_MERGE) ; $(INTLTOOL_V_MERGE)LC_ALL=C $(INTLTOOL_MERGE) $(INTLTOOL_V_MERGE_OPTIONS) -x -u --no-translations $< $@'
INTLTOOL_XML_RULE='%.xml:       %.xml.in       $(INTLTOOL_MERGE) $(wildcard $(top_srcdir)/po/*.po) ; $(INTLTOOL_V_MERGE)LC_ALL=C $(INTLTOOL_MERGE) $(INTLTOOL_V_MERGE_OPTIONS) -x -u -c $(top_builddir)/po/.intltool-merge-cache $(top_srcdir)/po $< $@'
INTLTOOL__v_MERGE_0='@echo "  ITMRG " $@;'
INTLTOOL__v_MERGE_='$(INTLTOOL__v_MERGE_$(AM_DEFAULT_VERBOSITY))'
INTL_MACOSX_LIBS=''
LD='/usr/bin/ld -m elf_x86_64'
LDFLAGS=''
LIBOBJS=''
LIBS=''
LIBSM_CFLAGS=''
LIBSM_LDFLAGS=''
LIBSM_LIBS=' -lSM -lICE -lX11'
LIBSTARTUP_NOTIFICATION_CFLAGS='-I/usr/include/startup-notification-1.0'
LIBSTARTUP_NOTIFICATION_LIBS='-lstartup-notification-1'
LIBSTARTUP_NOTIFICATION_REQUIRED_VERSION='0.5'
LIBSTARTUP_NOTIFICATION_VERSION='0.12'
LIBTOOL='$(SHELL) $(top_builddir)/libtool'
LIBWNCK_CFLAGS='-pthread -I/usr/include/libwnck-3.0 -I/usr/include/startup-notification-1.0 -I/usr/include/gtk-3.0 -I/usr/include/at-spi2-atk/2.0 -I/usr/include/at-spi-2.0 -I/usr/include/dbus-1.0 -I/usr/lib/x86_64-linux-gnu/dbus-1.0/include -I/usr/include/gtk-3.0 -I/usr/include/gio-unix-2.0 -I/usr/include/cairo -I/usr/include/pango-1.0 -I/usr/include/harfbuzz -I/usr/include/pango-1.0 -I/usr/include/fribidi -I/usr/include/harfbuzz -I/usr/include/atk-1.0 -I/usr/include/cairo -I/usr/include/pixman-1 -I/usr/include/uuid -I/usr/include/freetype2 -I/usr/include/gdk-pixbuf-2.0 -I/usr/include/libpng16 -I/usr/include/x86_64-linux-gnu -I/usr/include/libmount -I/usr/include/blkid -I/usr/include/glib-2.0 -I/usr/lib/x86_64-linux-gnu/glib-2.0/include'
LIBWNCK_LIBS='-lwnck-3 -lgtk-3 -lgdk-3 -lpangocairo-1.0 -lpango-1.0 -lharfbuzz -latk-1.0 -lcairo-gobject -lcairo -lgdk_pixbuf-2.0 -lgio-2.0 -lgobject-2.0 -lglib-2.0'
LIBWNCK_REQUIRED_VERSION='3.14'
LIBWNCK_VERSION='40.1'
LIBX11_CFLAGS=''
LIBX11_LDFLAGS=''
LIBX11_LIBS=' -lSM -lICE -lX11 -lXext -lXRes'
LIBXFCE4KBD_PRIVATE_CFLAGS='-pthread -I/usr/include/xfce4/libxfce4kbd-private-3 -I/usr/include/xfce4/xfconf-0 -I/usr/include/xfce4/libxfce4ui-2 -I/usr/include/gtk-3.0 -I/usr/include/at-spi2-atk/2.0 -I/usr/include/at-spi-2.0 -I/usr/include/dbus-1.0 -I/usr/lib/x86_64-linux-gnu/dbus-1.0/include -I/usr/include/gtk-3.0 -I/usr/include/gio-unix-2.0 -I/usr/include/cairo -I/usr/include/pango-1.0 -I/usr/include/harfbuzz -I/usr/include/pango-1.0 -I/usr/include/fribidi -I/usr/include/harfbuzz -I/usr/include/atk-1.0 -I/usr/include/cairo -I/usr/include/pixman-1 -I/usr/include/uuid -I/usr/include/freetype2 -I/usr/include/gdk-pixbuf-2.0 -I/usr/include/libpng16 -I/usr/include/x86_64-linux-gnu -I/usr/include/libmount -I/usr/include/blkid -I/usr/include/xfce4 -I/usr/include/glib-2.0 -I/usr/lib/x86_64-linux-gnu/glib-2.0/include'
LIBXFCE4KBD_PRIVATE_LIBS='-lxfce4kbd-private-3 -lxfconf-0 -lxfce4ui-2 -lgtk-3 -lgdk-3 -lpangocairo-1.0 -lpango-1.0 -lharfbuzz -latk-1.0 -lcairo-gobject -lcairo -lgdk_pixbuf-2.0 -lgio-2.0 -lgobject-2.0 -lxfce4util -lglib-2.0'
LIBXFCE4KBD_PRIVATE_REQUIRED_VERSION='4.12.0'
LIBXFCE4KBD_PRIVATE_VERSION='4.16.1'
LIBXFCE4UI_CFLAGS='-pthread -I/usr/include/xfce4/libxfce4ui-2 -I/usr/include/gtk-3.0 -I/usr/include/at-spi2-atk/2.0 -I/usr/include/at-spi-2.0 -I/usr/include/dbus-1.0 -I/usr/lib/x86_64-linux-gnu/dbus-1.0/include -I/usr/include/gtk-3.0 -I/usr/include/gio-unix-2.0 -I/usr/include/cairo -I/usr/include/pango-1.0 -I/usr/include/harfbuzz -I/usr/include/pango-1.0 -I/usr/include/fribidi -I/usr/include/harfbuzz -I/usr/include/atk-1.0 -I/usr/include/cairo -I/usr/include/pixman-1 -I/usr/include/uuid -I/usr/include/freetype2 -I/usr/include/gdk-pixbuf-2.0 -I/usr/include/libpng16 -I/usr/include/x86_64-linux-gnu -I/usr/include/libmount -I/usr/include/blkid -I/usr/include/xfce4 -I/usr/include/glib-2.0 -I/usr/lib/x86_64-linux-gnu/glib-2.0/include'
LIBXFCE4UI_LIBS='-lxfce4ui-2 -lgtk-3 -lgdk-3 -lpangocairo-1.0 -lpango-1.0 -lharfbuzz -latk-1.0 -lcairo-gobject -lcairo -lgdk_pixbuf-2.0 -lgio-2.0 -lgobject-2.0 -lxfce4util -lglib-2.0'
LIBXFCE4UI_REQUIRED_VERSION='4.12.0'
LIBXFCE4UI_VERSION='4.16.1'
LIBXFCE4UTIL_CFLAGS='-I/usr/include/xfce4 -I/usr/include/glib-2.0 -I/usr/lib/x86_64-linux-gnu/glib-2.0/include'
LIBXFCE4UTIL_LIBS='-lxfce4util -lglib-2.0'
LIBXFCE4UTIL_REQUIRED_VERSION='4.8.0'
LIBXFCE4UTIL_VERSION='4.16.0'
LIBXFCONF_CFLAGS='-pthread -I/usr/include/xfce4/xfconf-0 -I/usr/include/libmount -I/usr/include/blkid -I/usr/include/glib-2.0 -I/usr/lib/x86_64-linux-gnu/glib-2.0/include'
LIBXFCONF_LIBS='-lxfconf-0 -lgio-2.0 -lgobject-2.0 -lglib-2.0'
LIBXFCONF_REQUIRED_VERSION='4.13.0'
LIBXFCONF_VERSION='4.16.0'
LIPO=''
LN_S='ln -s'
LTLIBOBJS=''
LT_SYS_LIBRARY_PATH=''
MAINT=''
MAINTAINER_MODE_FALSE='#'
MAINTAINER_MODE_TRUE=''
MAKEINFO='${SHELL} '\''/home/syndrizzle/Downloads/xfwm4/missing'\'' makeinfo'
MANIFEST_TOOL=':'
MATH_LIBS='-lm'
MKDIR_P='/usr/bin/mkdir -p'
MKINSTALLDIRS='.//mkinstalldirs'
MSGFMT='/usr/bin/msgfmt'
MSGFMT_OPTS='-c'
MSGMERGE='/usr/bin/msgmerge'
NM='/usr/bin/nm -B'
NMEDIT=''
OBJDUMP='objdump'
OBJEXT='o'
OTOOL64=''
OTOOL=''
PACKAGE='xfwm4'
PACKAGE_BUGREPORT='xfce4-dev@xfce.org'
PACKAGE_NAME='xfwm4'
PACKAGE_STRING='xfwm4 4.16.1git.95e58ac80'
PACKAGE_TARNAME='xfwm4'
PACKAGE_URL=''
PACKAGE_VERSION='4.16.1git.95e58ac80'
PATH_SEPARATOR=':'
PKG_CONFIG='/usr/bin/pkg-config'
PKG_CONFIG_LIBDIR=''
PKG_CONFIG_PATH=''
POFILES=' am.po ar.po ast.po be.po be@tarask.po bg.po bn.po ca.po cs.po da.po de.po el.po en_AU.po en_CA.po en_GB.po eo.po es.po et.po eu.po fa_IR.po fi.po fr.po gl.po he.po hr.po hu.po hy_AM.po hye.po id.po ie.po is.po it.po ja.po ka.po kk.po ko.po lt.po lv.po ms.po nb.po nl.po nn.po oc.po pa.po pl.po pt.po pt_BR.po ro.po ru.po si.po sk.po sl.po sq.po sr.po sv.po te.po th.po tr.po ug.po uk.po ur.po ur_PK.po vi.po zh_CN.po zh_HK.po zh_TW.po'
POSUB='po'
PO_IN_DATADIR_FALSE=''
PO_IN_DATADIR_TRUE=''
PRESENT_EXTENSION_CFLAGS=''
PRESENT_EXTENSION_LIBS=''
RANDR_LIBS='-lXrandr -lXrender'
RANLIB='ranlib'
RENDER_CFLAGS=''
RENDER_LIBS='-lXrender -lX11'
REVISION='95e58ac80'
SED='/usr/bin/sed'
SET_MAKE=''
SHELL='/bin/bash'
STRIP='strip'
USE_NLS='yes'
VERSION='4.16.1git.95e58ac80'
XDT_CSOURCE='/usr/bin/xdt-csource'
XGETTEXT='/usr/bin/xgettext'
XGETTEXT_ARGS='--keyword=Q_ --from-code=UTF-8'
XINERAMA_CFLAGS=''
XINERAMA_LIBS='-lXinerama'
XINERAMA_REQUIRED_VERSION='0'
XINERAMA_VERSION='1.1.4'
XMKMF=''
XSYNC_LIBS=' -lXext'
X_CFLAGS=''
X_EXTRA_LIBS=''
X_LIBS=''
X_PRE_LIBS=' -lSM -lICE'
ac_ct_AR='ar'
ac_ct_CC='gcc'
ac_ct_DUMPBIN=''
am__EXEEXT_FALSE=''
am__EXEEXT_TRUE='#'
am__fastdepCC_FALSE='#'
am__fastdepCC_TRUE=''
am__include='include'
am__isrc=''
am__leading_dot='.'
am__nodep='_no'
am__quote=''
am__tar='tar --format=ustar -chf - "$$tardir"'
am__untar='tar -xf -'
bindir='${exec_prefix}/bin'
build='x86_64-pc-linux-gnu'
build_alias=''
build_cpu='x86_64'
build_os='linux-gnu'
build_vendor='pc'
datadir='${datarootdir}'
datarootdir='${prefix}/share'
docdir='${datarootdir}/doc/${PACKAGE_TARNAME}'
dvidir='${docdir}'
exec_prefix='${prefix}'
host='x86_64-pc-linux-gnu'
host_alias=''
host_cpu='x86_64'
host_os='linux-gnu'
host_vendor='pc'
htmldir='${docdir}'
includedir='${prefix}/include'
infodir='${datarootdir}/info'
install_sh='${SHELL} /home/syndrizzle/Downloads/xfwm4/install-sh'
intltool__v_merge_options_0='-q'
intltool__v_merge_options_='$(intltool__v_merge_options_$(AM_DEFAULT_VERBOSITY))'
libdir='/usr/lib/x86_64-linux-gnu'
libexecdir='/usr/lib/x86_64-linux-gnu'
localedir='${prefix}/share/locale'
localstatedir='${prefix}/var'
mandir='${datarootdir}/man'
mkdir_p='$(MKDIR_P)'
oldincludedir='/usr/include'
pdfdir='${docdir}'
prefix='/usr'
program_transform_name='s,x,x,'
psdir='${docdir}'
runstatedir='${localstatedir}/run'
sbindir='${exec_prefix}/sbin'
sharedstatedir='${prefix}/com'
sysconfdir='${prefix}/etc'
target_alias=''

## ----------- ##
## confdefs.h. ##
## ----------- ##

/* confdefs.h */
#define PACKAGE_NAME "xfwm4"
#define PACKAGE_TARNAME "xfwm4"
#define PACKAGE_VERSION "4.16.1git.95e58ac80"
#define PACKAGE_STRING "xfwm4 4.16.1git.95e58ac80"
#define PACKAGE_BUGREPORT "xfce4-dev@xfce.org"
#define PACKAGE_URL ""
#define PACKAGE "xfwm4"
#define VERSION "4.16.1git.95e58ac80"
#define HAVE_STDIO_H 1
#define HAVE_STDLIB_H 1
#define HAVE_STRING_H 1
#define HAVE_INTTYPES_H 1
#define HAVE_STDINT_H 1
#define HAVE_STRINGS_H 1
#define HAVE_SYS_STAT_H 1
#define HAVE_SYS_TYPES_H 1
#define HAVE_UNISTD_H 1
#define HAVE_WCHAR_H 1
#define STDC_HEADERS 1
#define _ALL_SOURCE 1
#define _DARWIN_C_SOURCE 1
#define _GNU_SOURCE 1
#define _HPUX_ALT_XOPEN_SOCKET_API 1
#define _NETBSD_SOURCE 1
#define _OPENBSD_SOURCE 1
#define _POSIX_PTHREAD_SEMANTICS 1
#define __STDC_WANT_IEC_60559_ATTRIBS_EXT__ 1
#define __STDC_WANT_IEC_60559_BFP_EXT__ 1
#define __STDC_WANT_IEC_60559_DFP_EXT__ 1
#define __STDC_WANT_IEC_60559_FUNCS_EXT__ 1
#define __STDC_WANT_IEC_60559_TYPES_EXT__ 1
#define __STDC_WANT_LIB_EXT2__ 1
#define __STDC_WANT_MATH_SPEC_FUNCS__ 1
#define _TANDEM_SOURCE 1
#define __EXTENSIONS__ 1
#define HAVE_DLFCN_H 1
#define LT_OBJDIR ".libs/"
#define HAVE_DAEMON 1
#define HAVE_SETSID 1
#define HAVE_OPENDIR 1
#define GETTEXT_PACKAGE "xfwm4"
#define HAVE_LOCALE_H 1
#define HAVE_LC_MESSAGES 1
#define HAVE_BIND_TEXTDOMAIN_CODESET 1
#define HAVE_GETTEXT 1
#define HAVE_DCGETTEXT 1
#define ENABLE_NLS 1
#define HAVE_LIBX11 1
#define HAVE_LIBSM 1
#define HAVE_XRES 1
#define HAVE_EPOXY 1
#define HAVE_LIBSTARTUP_NOTIFICATION 1
#define HAVE_XSYNC 1
#define HAVE_RENDER 1
#define HAVE_RANDR 1
#define HAVE_COMPOSITOR 1
#define HAVE_COMPOSITOR 1
#define DEBUG 1
#define REVISION "95e58ac80"

configure: exit 0

## ---------------------- ##
## Running config.status. ##
## ---------------------- ##

This file was extended by xfwm4 config.status 4.16.1git.95e58ac80, which was
generated by GNU Autoconf 2.71.  Invocation command line was

  CONFIG_FILES    = 
  CONFIG_HEADERS  = 
  CONFIG_LINKS    = 
  CONFIG_COMMANDS = 
  $ ./config.status config.h

on mint

config.status:1316: creating config.h
config.status:1497: config.h is unchanged
